{"C:\\Users\\matte\\Desktop\\Vue\\bazylia-node\\src\\business\\faktury\\faktury.controllers.js": {"path":"C:\\Users\\matte\\Desktop\\Vue\\bazylia-node\\src\\business\\faktury\\faktury.controllers.js","statementMap":{"0":{"start":{"line":1,"column":24},"end":{"line":1,"column":51}},"1":{"start":{"line":2,"column":15},"end":{"line":2,"column":45}},"2":{"start":{"line":3,"column":21},"end":{"line":3,"column":39}},"3":{"start":{"line":4,"column":24},"end":{"line":4,"column":62}},"4":{"start":{"line":6,"column":0},"end":{"line":56,"column":3}},"5":{"start":{"line":6,"column":40},"end":{"line":56,"column":3}},"6":{"start":{"line":7,"column":4},"end":{"line":55,"column":5}},"7":{"start":{"line":9,"column":19},"end":{"line":9,"column":58}},"8":{"start":{"line":9,"column":45},"end":{"line":9,"column":57}},"9":{"start":{"line":10,"column":21},"end":{"line":12,"column":41}},"10":{"start":{"line":13,"column":6},"end":{"line":17,"column":8}},"11":{"start":{"line":14,"column":10},"end":{"line":16,"column":11}},"12":{"start":{"line":15,"column":12},"end":{"line":15,"column":33}},"13":{"start":{"line":19,"column":20},"end":{"line":19,"column":83}},"14":{"start":{"line":22,"column":22},"end":{"line":32,"column":8}},"15":{"start":{"line":34,"column":16},"end":{"line":34,"column":50}},"16":{"start":{"line":38,"column":6},"end":{"line":45,"column":8}},"17":{"start":{"line":40,"column":30},"end":{"line":44,"column":17}},"18":{"start":{"line":48,"column":6},"end":{"line":48,"column":47}},"19":{"start":{"line":50,"column":6},"end":{"line":50,"column":47}},"20":{"start":{"line":51,"column":6},"end":{"line":51,"column":38}},"21":{"start":{"line":53,"column":6},"end":{"line":53,"column":22}},"22":{"start":{"line":54,"column":6},"end":{"line":54,"column":27}},"23":{"start":{"line":58,"column":26},"end":{"line":76,"column":3}},"24":{"start":{"line":62,"column":17},"end":{"line":62,"column":27}},"25":{"start":{"line":64,"column":4},"end":{"line":75,"column":5}},"26":{"start":{"line":65,"column":18},"end":{"line":65,"column":64}},"27":{"start":{"line":67,"column":8},"end":{"line":71,"column":9}},"28":{"start":{"line":68,"column":10},"end":{"line":68,"column":61}},"29":{"start":{"line":70,"column":10},"end":{"line":70,"column":96}},"30":{"start":{"line":74,"column":6},"end":{"line":74,"column":58}},"31":{"start":{"line":78,"column":19},"end":{"line":113,"column":3}},"32":{"start":{"line":79,"column":24},"end":{"line":90,"column":5}},"33":{"start":{"line":92,"column":4},"end":{"line":112,"column":5}},"34":{"start":{"line":95,"column":4},"end":{"line":97,"column":5}},"35":{"start":{"line":96,"column":6},"end":{"line":96,"column":24}},"36":{"start":{"line":99,"column":4},"end":{"line":108,"column":5}},"37":{"start":{"line":101,"column":34},"end":{"line":101,"column":128}},"38":{"start":{"line":101,"column":58},"end":{"line":101,"column":126}},"39":{"start":{"line":102,"column":6},"end":{"line":107,"column":9}},"40":{"start":{"line":103,"column":8},"end":{"line":103,"column":100}},"41":{"start":{"line":106,"column":10},"end":{"line":106,"column":23}},"42":{"start":{"line":111,"column":6},"end":{"line":111,"column":22}},"43":{"start":{"line":115,"column":23},"end":{"line":128,"column":3}},"44":{"start":{"line":118,"column":4},"end":{"line":127,"column":5}},"45":{"start":{"line":119,"column":6},"end":{"line":119,"column":33}},"46":{"start":{"line":120,"column":6},"end":{"line":120,"column":50}},"47":{"start":{"line":122,"column":22},"end":{"line":122,"column":23}},"48":{"start":{"line":123,"column":6},"end":{"line":125,"column":8}},"49":{"start":{"line":124,"column":8},"end":{"line":124,"column":45}},"50":{"start":{"line":126,"column":6},"end":{"line":126,"column":46}},"51":{"start":{"line":130,"column":24},"end":{"line":147,"column":3}},"52":{"start":{"line":133,"column":16},"end":{"line":133,"column":20}},"53":{"start":{"line":134,"column":4},"end":{"line":146,"column":5}},"54":{"start":{"line":135,"column":6},"end":{"line":135,"column":51}},"55":{"start":{"line":137,"column":16},"end":{"line":137,"column":17}},"56":{"start":{"line":138,"column":6},"end":{"line":142,"column":8}},"57":{"start":{"line":139,"column":8},"end":{"line":139,"column":32}},"58":{"start":{"line":140,"column":8},"end":{"line":140,"column":34}},"59":{"start":{"line":141,"column":8},"end":{"line":141,"column":74}},"60":{"start":{"line":143,"column":6},"end":{"line":143,"column":30}},"61":{"start":{"line":144,"column":6},"end":{"line":144,"column":22}},"62":{"start":{"line":145,"column":6},"end":{"line":145,"column":28}},"63":{"start":{"line":149,"column":20},"end":{"line":156,"column":3}},"64":{"start":{"line":151,"column":19},"end":{"line":151,"column":21}},"65":{"start":{"line":152,"column":4},"end":{"line":154,"column":6}},"66":{"start":{"line":153,"column":6},"end":{"line":153,"column":32}},"67":{"start":{"line":155,"column":4},"end":{"line":155,"column":18}},"68":{"start":{"line":158,"column":24},"end":{"line":167,"column":3}},"69":{"start":{"line":162,"column":4},"end":{"line":166,"column":5}},"70":{"start":{"line":163,"column":6},"end":{"line":163,"column":52}},"71":{"start":{"line":165,"column":6},"end":{"line":165,"column":35}},"72":{"start":{"line":169,"column":0},"end":{"line":200,"column":5}},"73":{"start":{"line":169,"column":39},"end":{"line":200,"column":5}},"74":{"start":{"line":170,"column":4},"end":{"line":170,"column":30}},"75":{"start":{"line":171,"column":4},"end":{"line":171,"column":19}},"76":{"start":{"line":172,"column":4},"end":{"line":172,"column":30}},"77":{"start":{"line":173,"column":6},"end":{"line":199,"column":7}},"78":{"start":{"line":175,"column":18},"end":{"line":178,"column":17}},"79":{"start":{"line":180,"column":8},"end":{"line":182,"column":9}},"80":{"start":{"line":181,"column":10},"end":{"line":181,"column":38}},"81":{"start":{"line":184,"column":24},"end":{"line":188,"column":9}},"82":{"start":{"line":191,"column":8},"end":{"line":191,"column":53}},"83":{"start":{"line":192,"column":8},"end":{"line":192,"column":32}},"84":{"start":{"line":193,"column":8},"end":{"line":193,"column":31}},"85":{"start":{"line":195,"column":8},"end":{"line":195,"column":40}},"86":{"start":{"line":197,"column":8},"end":{"line":197,"column":24}},"87":{"start":{"line":198,"column":8},"end":{"line":198,"column":29}},"88":{"start":{"line":202,"column":23},"end":{"line":240,"column":5}},"89":{"start":{"line":203,"column":6},"end":{"line":213,"column":7}},"90":{"start":{"line":204,"column":62},"end":{"line":204,"column":81}},"91":{"start":{"line":205,"column":8},"end":{"line":212,"column":10}},"92":{"start":{"line":215,"column":6},"end":{"line":239,"column":7}},"93":{"start":{"line":217,"column":21},"end":{"line":220,"column":15}},"94":{"start":{"line":222,"column":8},"end":{"line":222,"column":42}},"95":{"start":{"line":223,"column":8},"end":{"line":223,"column":38}},"96":{"start":{"line":225,"column":26},"end":{"line":225,"column":43}},"97":{"start":{"line":227,"column":22},"end":{"line":227,"column":65}},"98":{"start":{"line":229,"column":73},"end":{"line":229,"column":80}},"99":{"start":{"line":231,"column":8},"end":{"line":238,"column":10}},"100":{"start":{"line":242,"column":32},"end":{"line":288,"column":5}},"101":{"start":{"line":244,"column":4},"end":{"line":252,"column":5}},"102":{"start":{"line":245,"column":6},"end":{"line":251,"column":8}},"103":{"start":{"line":255,"column":4},"end":{"line":286,"column":5}},"104":{"start":{"line":257,"column":19},"end":{"line":257,"column":33}},"105":{"start":{"line":259,"column":6},"end":{"line":259,"column":19}},"106":{"start":{"line":260,"column":6},"end":{"line":262,"column":8}},"107":{"start":{"line":261,"column":8},"end":{"line":261,"column":39}},"108":{"start":{"line":264,"column":27},"end":{"line":264,"column":77}},"109":{"start":{"line":266,"column":6},"end":{"line":266,"column":24}},"110":{"start":{"line":267,"column":6},"end":{"line":271,"column":8}},"111":{"start":{"line":268,"column":8},"end":{"line":270,"column":12}},"112":{"start":{"line":269,"column":10},"end":{"line":269,"column":39}},"113":{"start":{"line":274,"column":27},"end":{"line":283,"column":8}},"114":{"start":{"line":275,"column":20},"end":{"line":275,"column":114}},"115":{"start":{"line":275,"column":45},"end":{"line":275,"column":113}},"116":{"start":{"line":276,"column":8},"end":{"line":282,"column":9}},"117":{"start":{"line":285,"column":6},"end":{"line":285,"column":26}},"118":{"start":{"line":290,"column":4},"end":{"line":313,"column":5}},"119":{"start":{"line":290,"column":39},"end":{"line":313,"column":5}},"120":{"start":{"line":291,"column":6},"end":{"line":312,"column":7}},"121":{"start":{"line":292,"column":22},"end":{"line":295,"column":17}},"122":{"start":{"line":297,"column":28},"end":{"line":306,"column":10}},"123":{"start":{"line":298,"column":10},"end":{"line":304,"column":11}},"124":{"start":{"line":308,"column":8},"end":{"line":308,"column":49}},"125":{"start":{"line":310,"column":8},"end":{"line":310,"column":24}},"126":{"start":{"line":311,"column":8},"end":{"line":311,"column":29}},"127":{"start":{"line":316,"column":0},"end":{"line":321,"column":1}},"128":{"start":{"line":323,"column":0},"end":{"line":323,"column":14}}},"fnMap":{"0":{"name":"(anonymous_0)","decl":{"start":{"line":6,"column":32},"end":{"line":6,"column":33}},"loc":{"start":{"line":6,"column":40},"end":{"line":56,"column":3}},"line":6},"1":{"name":"(anonymous_1)","decl":{"start":{"line":6,"column":40},"end":{"line":6,"column":41}},"loc":{"start":{"line":6,"column":60},"end":{"line":56,"column":3}},"line":6},"2":{"name":"(anonymous_2)","decl":{"start":{"line":9,"column":39},"end":{"line":9,"column":40}},"loc":{"start":{"line":9,"column":45},"end":{"line":9,"column":57}},"line":9},"3":{"name":"(anonymous_3)","decl":{"start":{"line":13,"column":21},"end":{"line":13,"column":22}},"loc":{"start":{"line":13,"column":31},"end":{"line":17,"column":7}},"line":13},"4":{"name":"(anonymous_4)","decl":{"start":{"line":38,"column":21},"end":{"line":38,"column":22}},"loc":{"start":{"line":38,"column":39},"end":{"line":45,"column":7}},"line":38},"5":{"name":"(anonymous_5)","decl":{"start":{"line":58,"column":26},"end":{"line":58,"column":27}},"loc":{"start":{"line":58,"column":38},"end":{"line":76,"column":3}},"line":58},"6":{"name":"(anonymous_6)","decl":{"start":{"line":78,"column":19},"end":{"line":78,"column":20}},"loc":{"start":{"line":78,"column":49},"end":{"line":113,"column":3}},"line":78},"7":{"name":"(anonymous_7)","decl":{"start":{"line":101,"column":48},"end":{"line":101,"column":49}},"loc":{"start":{"line":101,"column":58},"end":{"line":101,"column":126}},"line":101},"8":{"name":"(anonymous_8)","decl":{"start":{"line":115,"column":23},"end":{"line":115,"column":24}},"loc":{"start":{"line":115,"column":42},"end":{"line":128,"column":3}},"line":115},"9":{"name":"(anonymous_9)","decl":{"start":{"line":123,"column":21},"end":{"line":123,"column":22}},"loc":{"start":{"line":123,"column":33},"end":{"line":125,"column":7}},"line":123},"10":{"name":"(anonymous_10)","decl":{"start":{"line":130,"column":24},"end":{"line":130,"column":25}},"loc":{"start":{"line":130,"column":43},"end":{"line":147,"column":3}},"line":130},"11":{"name":"(anonymous_11)","decl":{"start":{"line":138,"column":21},"end":{"line":138,"column":22}},"loc":{"start":{"line":138,"column":33},"end":{"line":142,"column":7}},"line":138},"12":{"name":"(anonymous_12)","decl":{"start":{"line":149,"column":20},"end":{"line":149,"column":21}},"loc":{"start":{"line":149,"column":32},"end":{"line":156,"column":3}},"line":149},"13":{"name":"(anonymous_13)","decl":{"start":{"line":152,"column":19},"end":{"line":152,"column":20}},"loc":{"start":{"line":152,"column":29},"end":{"line":154,"column":5}},"line":152},"14":{"name":"(anonymous_14)","decl":{"start":{"line":158,"column":24},"end":{"line":158,"column":25}},"loc":{"start":{"line":158,"column":33},"end":{"line":167,"column":3}},"line":158},"15":{"name":"(anonymous_15)","decl":{"start":{"line":169,"column":31},"end":{"line":169,"column":32}},"loc":{"start":{"line":169,"column":39},"end":{"line":200,"column":5}},"line":169},"16":{"name":"(anonymous_16)","decl":{"start":{"line":169,"column":39},"end":{"line":169,"column":40}},"loc":{"start":{"line":169,"column":59},"end":{"line":200,"column":5}},"line":169},"17":{"name":"(anonymous_17)","decl":{"start":{"line":202,"column":23},"end":{"line":202,"column":24}},"loc":{"start":{"line":202,"column":42},"end":{"line":240,"column":5}},"line":202},"18":{"name":"(anonymous_18)","decl":{"start":{"line":242,"column":32},"end":{"line":242,"column":33}},"loc":{"start":{"line":242,"column":51},"end":{"line":288,"column":5}},"line":242},"19":{"name":"(anonymous_19)","decl":{"start":{"line":260,"column":21},"end":{"line":260,"column":22}},"loc":{"start":{"line":260,"column":31},"end":{"line":262,"column":7}},"line":260},"20":{"name":"(anonymous_20)","decl":{"start":{"line":267,"column":29},"end":{"line":267,"column":30}},"loc":{"start":{"line":267,"column":35},"end":{"line":271,"column":7}},"line":267},"21":{"name":"(anonymous_21)","decl":{"start":{"line":268,"column":39},"end":{"line":268,"column":40}},"loc":{"start":{"line":268,"column":51},"end":{"line":270,"column":9}},"line":268},"22":{"name":"(anonymous_22)","decl":{"start":{"line":274,"column":44},"end":{"line":274,"column":45}},"loc":{"start":{"line":274,"column":54},"end":{"line":283,"column":7}},"line":274},"23":{"name":"(anonymous_23)","decl":{"start":{"line":275,"column":34},"end":{"line":275,"column":35}},"loc":{"start":{"line":275,"column":45},"end":{"line":275,"column":113}},"line":275},"24":{"name":"(anonymous_24)","decl":{"start":{"line":290,"column":34},"end":{"line":290,"column":35}},"loc":{"start":{"line":290,"column":39},"end":{"line":313,"column":5}},"line":290},"25":{"name":"(anonymous_25)","decl":{"start":{"line":290,"column":39},"end":{"line":290,"column":40}},"loc":{"start":{"line":290,"column":59},"end":{"line":313,"column":5}},"line":290},"26":{"name":"(anonymous_26)","decl":{"start":{"line":297,"column":40},"end":{"line":297,"column":41}},"loc":{"start":{"line":297,"column":51},"end":{"line":306,"column":9}},"line":297}},"branchMap":{"0":{"loc":{"start":{"line":14,"column":10},"end":{"line":16,"column":11}},"type":"if","locations":[{"start":{"line":14,"column":10},"end":{"line":16,"column":11}},{"start":{"line":14,"column":10},"end":{"line":16,"column":11}}],"line":14},"1":{"loc":{"start":{"line":14,"column":13},"end":{"line":14,"column":52}},"type":"binary-expr","locations":[{"start":{"line":14,"column":13},"end":{"line":14,"column":27}},{"start":{"line":14,"column":31},"end":{"line":14,"column":52}}],"line":14},"2":{"loc":{"start":{"line":67,"column":8},"end":{"line":71,"column":9}},"type":"if","locations":[{"start":{"line":67,"column":8},"end":{"line":71,"column":9}},{"start":{"line":67,"column":8},"end":{"line":71,"column":9}}],"line":67},"3":{"loc":{"start":{"line":95,"column":4},"end":{"line":97,"column":5}},"type":"if","locations":[{"start":{"line":95,"column":4},"end":{"line":97,"column":5}},{"start":{"line":95,"column":4},"end":{"line":97,"column":5}}],"line":95},"4":{"loc":{"start":{"line":99,"column":4},"end":{"line":108,"column":5}},"type":"if","locations":[{"start":{"line":99,"column":4},"end":{"line":108,"column":5}},{"start":{"line":99,"column":4},"end":{"line":108,"column":5}}],"line":99},"5":{"loc":{"start":{"line":102,"column":6},"end":{"line":107,"column":9}},"type":"if","locations":[{"start":{"line":102,"column":6},"end":{"line":107,"column":9}},{"start":{"line":102,"column":6},"end":{"line":107,"column":9}}],"line":102},"6":{"loc":{"start":{"line":118,"column":4},"end":{"line":127,"column":5}},"type":"if","locations":[{"start":{"line":118,"column":4},"end":{"line":127,"column":5}},{"start":{"line":118,"column":4},"end":{"line":127,"column":5}}],"line":118},"7":{"loc":{"start":{"line":118,"column":7},"end":{"line":118,"column":91}},"type":"binary-expr","locations":[{"start":{"line":118,"column":7},"end":{"line":118,"column":46}},{"start":{"line":118,"column":51},"end":{"line":118,"column":67}},{"start":{"line":118,"column":71},"end":{"line":118,"column":90}}],"line":118},"8":{"loc":{"start":{"line":134,"column":4},"end":{"line":146,"column":5}},"type":"if","locations":[{"start":{"line":134,"column":4},"end":{"line":146,"column":5}},{"start":{"line":134,"column":4},"end":{"line":146,"column":5}}],"line":134},"9":{"loc":{"start":{"line":134,"column":7},"end":{"line":134,"column":91}},"type":"binary-expr","locations":[{"start":{"line":134,"column":7},"end":{"line":134,"column":46}},{"start":{"line":134,"column":51},"end":{"line":134,"column":67}},{"start":{"line":134,"column":71},"end":{"line":134,"column":90}}],"line":134},"10":{"loc":{"start":{"line":162,"column":4},"end":{"line":166,"column":5}},"type":"if","locations":[{"start":{"line":162,"column":4},"end":{"line":166,"column":5}},{"start":{"line":162,"column":4},"end":{"line":166,"column":5}}],"line":162},"11":{"loc":{"start":{"line":180,"column":8},"end":{"line":182,"column":9}},"type":"if","locations":[{"start":{"line":180,"column":8},"end":{"line":182,"column":9}},{"start":{"line":180,"column":8},"end":{"line":182,"column":9}}],"line":180},"12":{"loc":{"start":{"line":203,"column":6},"end":{"line":213,"column":7}},"type":"if","locations":[{"start":{"line":203,"column":6},"end":{"line":213,"column":7}},{"start":{"line":203,"column":6},"end":{"line":213,"column":7}}],"line":203},"13":{"loc":{"start":{"line":215,"column":6},"end":{"line":239,"column":7}},"type":"if","locations":[{"start":{"line":215,"column":6},"end":{"line":239,"column":7}},{"start":{"line":215,"column":6},"end":{"line":239,"column":7}}],"line":215},"14":{"loc":{"start":{"line":244,"column":4},"end":{"line":252,"column":5}},"type":"if","locations":[{"start":{"line":244,"column":4},"end":{"line":252,"column":5}},{"start":{"line":244,"column":4},"end":{"line":252,"column":5}}],"line":244},"15":{"loc":{"start":{"line":244,"column":7},"end":{"line":244,"column":66}},"type":"binary-expr","locations":[{"start":{"line":244,"column":7},"end":{"line":244,"column":33}},{"start":{"line":244,"column":37},"end":{"line":244,"column":66}}],"line":244},"16":{"loc":{"start":{"line":255,"column":4},"end":{"line":286,"column":5}},"type":"if","locations":[{"start":{"line":255,"column":4},"end":{"line":286,"column":5}},{"start":{"line":255,"column":4},"end":{"line":286,"column":5}}],"line":255}},"s":{"0":2,"1":2,"2":2,"3":2,"4":2,"5":2,"6":0,"7":0,"8":0,"9":0,"10":0,"11":0,"12":0,"13":0,"14":0,"15":0,"16":0,"17":0,"18":0,"19":0,"20":0,"21":0,"22":0,"23":2,"24":0,"25":0,"26":0,"27":0,"28":0,"29":0,"30":0,"31":2,"32":0,"33":0,"34":0,"35":0,"36":0,"37":0,"38":0,"39":0,"40":0,"41":0,"42":0,"43":2,"44":0,"45":0,"46":0,"47":0,"48":0,"49":0,"50":0,"51":2,"52":0,"53":0,"54":0,"55":0,"56":0,"57":0,"58":0,"59":0,"60":0,"61":0,"62":0,"63":2,"64":0,"65":0,"66":0,"67":0,"68":2,"69":0,"70":0,"71":0,"72":2,"73":2,"74":0,"75":0,"76":0,"77":0,"78":0,"79":0,"80":0,"81":0,"82":0,"83":0,"84":0,"85":0,"86":0,"87":0,"88":2,"89":0,"90":0,"91":0,"92":0,"93":0,"94":0,"95":0,"96":0,"97":0,"98":0,"99":0,"100":2,"101":0,"102":0,"103":0,"104":0,"105":0,"106":0,"107":0,"108":0,"109":0,"110":0,"111":0,"112":0,"113":0,"114":0,"115":0,"116":0,"117":0,"118":2,"119":2,"120":0,"121":0,"122":0,"123":0,"124":0,"125":0,"126":0,"127":2,"128":2},"f":{"0":2,"1":0,"2":0,"3":0,"4":0,"5":0,"6":0,"7":0,"8":0,"9":0,"10":0,"11":0,"12":0,"13":0,"14":0,"15":2,"16":0,"17":0,"18":0,"19":0,"20":0,"21":0,"22":0,"23":0,"24":2,"25":0,"26":0},"b":{"0":[0,0],"1":[0,0],"2":[0,0],"3":[0,0],"4":[0,0],"5":[0,0],"6":[0,0],"7":[0,0,0],"8":[0,0],"9":[0,0,0],"10":[0,0],"11":[0,0],"12":[0,0],"13":[0,0],"14":[0,0],"15":[0,0],"16":[0,0]},"_coverageSchema":"332fd63041d2c1bcb487cc26dd0d5f7d97098a6c","hash":"83814829cdd1605bcc535cd928636e9839978ec4"}
,"C:\\Users\\matte\\Desktop\\Vue\\bazylia-node\\src\\business\\faktury\\faktury.models.js": {"path":"C:\\Users\\matte\\Desktop\\Vue\\bazylia-node\\src\\business\\faktury\\faktury.models.js","statementMap":{"0":{"start":{"line":1,"column":17},"end":{"line":1,"column":36}},"1":{"start":{"line":40,"column":24},"end":{"line":50,"column":1}},"2":{"start":{"line":51,"column":22},"end":{"line":80,"column":2}},"3":{"start":{"line":82,"column":0},"end":{"line":82,"column":79}}},"fnMap":{},"branchMap":{},"s":{"0":3,"1":3,"2":3,"3":3},"f":{},"b":{},"_coverageSchema":"332fd63041d2c1bcb487cc26dd0d5f7d97098a6c","hash":"8a7eabd36a6bbbb890c93585ca1fe29308b01354"}
,"C:\\Users\\matte\\Desktop\\Vue\\bazylia-node\\src\\business\\faktury\\faktury.routes.js": {"path":"C:\\Users\\matte\\Desktop\\Vue\\bazylia-node\\src\\business\\faktury\\faktury.routes.js","statementMap":{"0":{"start":{"line":2,"column":16},"end":{"line":2,"column":34}},"1":{"start":{"line":3,"column":27},"end":{"line":3,"column":62}},"2":{"start":{"line":4,"column":15},"end":{"line":4,"column":31}},"3":{"start":{"line":6,"column":65},"end":{"line":6,"column":83}},"4":{"start":{"line":9,"column":0},"end":{"line":12,"column":20}},"5":{"start":{"line":15,"column":0},"end":{"line":19,"column":36}},"6":{"start":{"line":22,"column":0},"end":{"line":22,"column":24}}},"fnMap":{},"branchMap":{},"s":{"0":1,"1":1,"2":1,"3":1,"4":1,"5":1,"6":1},"f":{},"b":{},"_coverageSchema":"332fd63041d2c1bcb487cc26dd0d5f7d97098a6c","hash":"5a9ad23210339fc0aafa8b47f0c7aa3f51711f3a"}
,"C:\\Users\\matte\\Desktop\\Vue\\bazylia-node\\src\\business\\firmy\\firmy.controllers.js": {"path":"C:\\Users\\matte\\Desktop\\Vue\\bazylia-node\\src\\business\\firmy\\firmy.controllers.js","statementMap":{"0":{"start":{"line":1,"column":24},"end":{"line":1,"column":51}},"1":{"start":{"line":2,"column":14},"end":{"line":2,"column":42}},"2":{"start":{"line":4,"column":0},"end":{"line":4,"column":51}}},"fnMap":{},"branchMap":{},"s":{"0":2,"1":2,"2":2},"f":{},"b":{},"_coverageSchema":"332fd63041d2c1bcb487cc26dd0d5f7d97098a6c","hash":"cb1cbb56b6c593ea7a1002a4582cb78a5811aa10"}
,"C:\\Users\\matte\\Desktop\\Vue\\bazylia-node\\src\\business\\firmy\\firmy.models.js": {"path":"C:\\Users\\matte\\Desktop\\Vue\\bazylia-node\\src\\business\\firmy\\firmy.models.js","statementMap":{"0":{"start":{"line":1,"column":17},"end":{"line":1,"column":36}},"1":{"start":{"line":3,"column":20},"end":{"line":13,"column":2}},"2":{"start":{"line":15,"column":0},"end":{"line":15,"column":71}}},"fnMap":{},"branchMap":{},"s":{"0":9,"1":9,"2":9},"f":{},"b":{},"_coverageSchema":"332fd63041d2c1bcb487cc26dd0d5f7d97098a6c","hash":"b210df7a08b35a89f58deaa0180b1a8bb2d6da43"}
,"C:\\Users\\matte\\Desktop\\Vue\\bazylia-node\\src\\business\\firmy\\firmy.routes.js": {"path":"C:\\Users\\matte\\Desktop\\Vue\\bazylia-node\\src\\business\\firmy\\firmy.routes.js","statementMap":{"0":{"start":{"line":2,"column":16},"end":{"line":2,"column":34}},"1":{"start":{"line":3,"column":20},"end":{"line":3,"column":50}},"2":{"start":{"line":4,"column":15},"end":{"line":4,"column":31}},"3":{"start":{"line":7,"column":0},"end":{"line":10,"column":30}},"4":{"start":{"line":13,"column":0},"end":{"line":17,"column":32}},"5":{"start":{"line":19,"column":0},"end":{"line":19,"column":24}}},"fnMap":{},"branchMap":{},"s":{"0":1,"1":1,"2":1,"3":1,"4":1,"5":1},"f":{},"b":{},"_coverageSchema":"332fd63041d2c1bcb487cc26dd0d5f7d97098a6c","hash":"2f4d7414f0f0e3e6137edd93a92b8b2c8760a069"}
,"C:\\Users\\matte\\Desktop\\Vue\\bazylia-node\\src\\business\\pacjenci\\pacjenci.controllers.js": {"path":"C:\\Users\\matte\\Desktop\\Vue\\bazylia-node\\src\\business\\pacjenci\\pacjenci.controllers.js","statementMap":{"0":{"start":{"line":1,"column":24},"end":{"line":1,"column":51}},"1":{"start":{"line":2,"column":16},"end":{"line":2,"column":47}},"2":{"start":{"line":3,"column":21},"end":{"line":3,"column":39}},"3":{"start":{"line":5,"column":0},"end":{"line":26,"column":1}},"4":{"start":{"line":5,"column":39},"end":{"line":26,"column":1}},"5":{"start":{"line":6,"column":4},"end":{"line":25,"column":5}},"6":{"start":{"line":7,"column":19},"end":{"line":11,"column":15}},"7":{"start":{"line":13,"column":31},"end":{"line":13,"column":33}},"8":{"start":{"line":15,"column":8},"end":{"line":19,"column":10}},"9":{"start":{"line":16,"column":8},"end":{"line":18,"column":11}},"10":{"start":{"line":21,"column":8},"end":{"line":21,"column":52}},"11":{"start":{"line":23,"column":8},"end":{"line":23,"column":24}},"12":{"start":{"line":24,"column":8},"end":{"line":24,"column":29}},"13":{"start":{"line":29,"column":0},"end":{"line":51,"column":1}},"14":{"start":{"line":29,"column":39},"end":{"line":51,"column":1}},"15":{"start":{"line":30,"column":4},"end":{"line":50,"column":5}},"16":{"start":{"line":31,"column":14},"end":{"line":39,"column":23}},"17":{"start":{"line":41,"column":8},"end":{"line":43,"column":9}},"18":{"start":{"line":42,"column":12},"end":{"line":42,"column":40}},"19":{"start":{"line":45,"column":4},"end":{"line":45,"column":25}},"20":{"start":{"line":48,"column":4},"end":{"line":48,"column":20}},"21":{"start":{"line":49,"column":4},"end":{"line":49,"column":25}},"22":{"start":{"line":53,"column":0},"end":{"line":75,"column":1}},"23":{"start":{"line":53,"column":46},"end":{"line":75,"column":1}},"24":{"start":{"line":54,"column":4},"end":{"line":74,"column":5}},"25":{"start":{"line":55,"column":14},"end":{"line":63,"column":23}},"26":{"start":{"line":65,"column":8},"end":{"line":67,"column":9}},"27":{"start":{"line":66,"column":12},"end":{"line":66,"column":40}},"28":{"start":{"line":69,"column":4},"end":{"line":69,"column":25}},"29":{"start":{"line":72,"column":4},"end":{"line":72,"column":20}},"30":{"start":{"line":73,"column":4},"end":{"line":73,"column":25}},"31":{"start":{"line":79,"column":0},"end":{"line":84,"column":1}}},"fnMap":{"0":{"name":"(anonymous_0)","decl":{"start":{"line":5,"column":31},"end":{"line":5,"column":32}},"loc":{"start":{"line":5,"column":39},"end":{"line":26,"column":1}},"line":5},"1":{"name":"(anonymous_1)","decl":{"start":{"line":5,"column":39},"end":{"line":5,"column":40}},"loc":{"start":{"line":5,"column":59},"end":{"line":26,"column":1}},"line":5},"2":{"name":"(anonymous_2)","decl":{"start":{"line":15,"column":21},"end":{"line":15,"column":22}},"loc":{"start":{"line":15,"column":28},"end":{"line":19,"column":9}},"line":15},"3":{"name":"(anonymous_3)","decl":{"start":{"line":29,"column":33},"end":{"line":29,"column":34}},"loc":{"start":{"line":29,"column":39},"end":{"line":51,"column":1}},"line":29},"4":{"name":"(anonymous_4)","decl":{"start":{"line":29,"column":39},"end":{"line":29,"column":40}},"loc":{"start":{"line":29,"column":59},"end":{"line":51,"column":1}},"line":29},"5":{"name":"(anonymous_5)","decl":{"start":{"line":53,"column":40},"end":{"line":53,"column":41}},"loc":{"start":{"line":53,"column":46},"end":{"line":75,"column":1}},"line":53},"6":{"name":"(anonymous_6)","decl":{"start":{"line":53,"column":46},"end":{"line":53,"column":47}},"loc":{"start":{"line":53,"column":66},"end":{"line":75,"column":1}},"line":53}},"branchMap":{"0":{"loc":{"start":{"line":17,"column":19},"end":{"line":17,"column":86}},"type":"cond-expr","locations":[{"start":{"line":17,"column":31},"end":{"line":17,"column":79}},{"start":{"line":17,"column":82},"end":{"line":17,"column":86}}],"line":17},"1":{"loc":{"start":{"line":41,"column":8},"end":{"line":43,"column":9}},"type":"if","locations":[{"start":{"line":41,"column":8},"end":{"line":43,"column":9}},{"start":{"line":41,"column":8},"end":{"line":43,"column":9}}],"line":41},"2":{"loc":{"start":{"line":65,"column":8},"end":{"line":67,"column":9}},"type":"if","locations":[{"start":{"line":65,"column":8},"end":{"line":67,"column":9}},{"start":{"line":65,"column":8},"end":{"line":67,"column":9}}],"line":65}},"s":{"0":2,"1":2,"2":2,"3":2,"4":2,"5":0,"6":0,"7":0,"8":0,"9":0,"10":0,"11":0,"12":0,"13":2,"14":2,"15":0,"16":0,"17":0,"18":0,"19":0,"20":0,"21":0,"22":2,"23":2,"24":0,"25":0,"26":0,"27":0,"28":0,"29":0,"30":0,"31":2},"f":{"0":2,"1":0,"2":0,"3":2,"4":0,"5":2,"6":0},"b":{"0":[0,0],"1":[0,0],"2":[0,0]},"_coverageSchema":"332fd63041d2c1bcb487cc26dd0d5f7d97098a6c","hash":"e6dbcd2c11a5a1c8363696590180156b5290a838"}
,"C:\\Users\\matte\\Desktop\\Vue\\bazylia-node\\src\\business\\pacjenci\\pacjenci.models.js": {"path":"C:\\Users\\matte\\Desktop\\Vue\\bazylia-node\\src\\business\\pacjenci\\pacjenci.models.js","statementMap":{"0":{"start":{"line":2,"column":17},"end":{"line":2,"column":36}},"1":{"start":{"line":3,"column":14},"end":{"line":3,"column":46}},"2":{"start":{"line":5,"column":22},"end":{"line":32,"column":2}},"3":{"start":{"line":34,"column":0},"end":{"line":34,"column":80}}},"fnMap":{},"branchMap":{},"s":{"0":6,"1":6,"2":6,"3":6},"f":{},"b":{},"_coverageSchema":"332fd63041d2c1bcb487cc26dd0d5f7d97098a6c","hash":"cb58ae2115f7af0b3634f340851019f386f490e6"}
,"C:\\Users\\matte\\Desktop\\Vue\\bazylia-node\\src\\business\\pacjenci\\pacjenci.routes.js": {"path":"C:\\Users\\matte\\Desktop\\Vue\\bazylia-node\\src\\business\\pacjenci\\pacjenci.routes.js","statementMap":{"0":{"start":{"line":1,"column":16},"end":{"line":1,"column":34}},"1":{"start":{"line":2,"column":28},"end":{"line":2,"column":64}},"2":{"start":{"line":3,"column":15},"end":{"line":3,"column":31}},"3":{"start":{"line":5,"column":76},"end":{"line":5,"column":95}},"4":{"start":{"line":8,"column":0},"end":{"line":11,"column":34}},"5":{"start":{"line":14,"column":0},"end":{"line":18,"column":36}},"6":{"start":{"line":21,"column":0},"end":{"line":23,"column":22}},"7":{"start":{"line":26,"column":0},"end":{"line":28,"column":29}},"8":{"start":{"line":244,"column":0},"end":{"line":244,"column":24}}},"fnMap":{},"branchMap":{},"s":{"0":1,"1":1,"2":1,"3":1,"4":1,"5":1,"6":1,"7":1,"8":1},"f":{},"b":{},"_coverageSchema":"332fd63041d2c1bcb487cc26dd0d5f7d97098a6c","hash":"21712df84bf6dfacfe38bdb2738cc5762a83eba7"}
,"C:\\Users\\matte\\Desktop\\Vue\\bazylia-node\\src\\business\\rozliczenia\\rozliczenia.controllers.js": {"path":"C:\\Users\\matte\\Desktop\\Vue\\bazylia-node\\src\\business\\rozliczenia\\rozliczenia.controllers.js","statementMap":{"0":{"start":{"line":2,"column":28},"end":{"line":2,"column":61}},"1":{"start":{"line":3,"column":35},"end":{"line":3,"column":65}},"2":{"start":{"line":5,"column":0},"end":{"line":38,"column":1}},"3":{"start":{"line":5,"column":55},"end":{"line":38,"column":1}},"4":{"start":{"line":6,"column":4},"end":{"line":36,"column":5}},"5":{"start":{"line":7,"column":21},"end":{"line":11,"column":31}},"6":{"start":{"line":13,"column":20},"end":{"line":13,"column":40}},"7":{"start":{"line":15,"column":34},"end":{"line":15,"column":36}},"8":{"start":{"line":16,"column":8},"end":{"line":18,"column":10}},"9":{"start":{"line":17,"column":12},"end":{"line":17,"column":81}},"10":{"start":{"line":20,"column":35},"end":{"line":20,"column":37}},"11":{"start":{"line":21,"column":8},"end":{"line":27,"column":10}},"12":{"start":{"line":22,"column":30},"end":{"line":24,"column":82}},"13":{"start":{"line":26,"column":12},"end":{"line":26,"column":47}},"14":{"start":{"line":29,"column":8},"end":{"line":31,"column":10}},"15":{"start":{"line":30,"column":20},"end":{"line":30,"column":51}},"16":{"start":{"line":34,"column":8},"end":{"line":34,"column":24}},"17":{"start":{"line":35,"column":8},"end":{"line":35,"column":23}},"18":{"start":{"line":41,"column":0},"end":{"line":69,"column":1}},"19":{"start":{"line":41,"column":55},"end":{"line":69,"column":1}},"20":{"start":{"line":42,"column":4},"end":{"line":68,"column":5}},"21":{"start":{"line":43,"column":21},"end":{"line":47,"column":31}},"22":{"start":{"line":49,"column":35},"end":{"line":49,"column":37}},"23":{"start":{"line":50,"column":8},"end":{"line":59,"column":10}},"24":{"start":{"line":51,"column":12},"end":{"line":51,"column":47}},"25":{"start":{"line":52,"column":12},"end":{"line":52,"column":31}},"26":{"start":{"line":53,"column":12},"end":{"line":53,"column":39}},"27":{"start":{"line":54,"column":30},"end":{"line":56,"column":82}},"28":{"start":{"line":58,"column":12},"end":{"line":58,"column":47}},"29":{"start":{"line":61,"column":8},"end":{"line":63,"column":10}},"30":{"start":{"line":62,"column":20},"end":{"line":62,"column":51}},"31":{"start":{"line":66,"column":8},"end":{"line":66,"column":24}},"32":{"start":{"line":67,"column":8},"end":{"line":67,"column":23}},"33":{"start":{"line":71,"column":0},"end":{"line":74,"column":1}}},"fnMap":{"0":{"name":"(anonymous_0)","decl":{"start":{"line":5,"column":47},"end":{"line":5,"column":48}},"loc":{"start":{"line":5,"column":55},"end":{"line":38,"column":1}},"line":5},"1":{"name":"(anonymous_1)","decl":{"start":{"line":5,"column":55},"end":{"line":5,"column":56}},"loc":{"start":{"line":5,"column":75},"end":{"line":38,"column":1}},"line":5},"2":{"name":"(anonymous_2)","decl":{"start":{"line":16,"column":22},"end":{"line":16,"column":23}},"loc":{"start":{"line":16,"column":31},"end":{"line":18,"column":9}},"line":16},"3":{"name":"(anonymous_3)","decl":{"start":{"line":21,"column":23},"end":{"line":21,"column":24}},"loc":{"start":{"line":21,"column":33},"end":{"line":27,"column":9}},"line":21},"4":{"name":"(anonymous_4)","decl":{"start":{"line":29,"column":72},"end":{"line":29,"column":73}},"loc":{"start":{"line":29,"column":83},"end":{"line":31,"column":9}},"line":29},"5":{"name":"(anonymous_5)","decl":{"start":{"line":41,"column":47},"end":{"line":41,"column":48}},"loc":{"start":{"line":41,"column":55},"end":{"line":69,"column":1}},"line":41},"6":{"name":"(anonymous_6)","decl":{"start":{"line":41,"column":55},"end":{"line":41,"column":56}},"loc":{"start":{"line":41,"column":75},"end":{"line":69,"column":1}},"line":41},"7":{"name":"(anonymous_7)","decl":{"start":{"line":50,"column":23},"end":{"line":50,"column":24}},"loc":{"start":{"line":50,"column":33},"end":{"line":59,"column":9}},"line":50},"8":{"name":"(anonymous_8)","decl":{"start":{"line":61,"column":63},"end":{"line":61,"column":64}},"loc":{"start":{"line":61,"column":74},"end":{"line":63,"column":9}},"line":61}},"branchMap":{},"s":{"0":2,"1":2,"2":2,"3":2,"4":0,"5":0,"6":0,"7":0,"8":0,"9":0,"10":0,"11":0,"12":0,"13":0,"14":0,"15":0,"16":0,"17":0,"18":2,"19":2,"20":0,"21":0,"22":0,"23":0,"24":0,"25":0,"26":0,"27":0,"28":0,"29":0,"30":0,"31":0,"32":0,"33":2},"f":{"0":2,"1":0,"2":0,"3":0,"4":0,"5":2,"6":0,"7":0,"8":0},"b":{},"_coverageSchema":"332fd63041d2c1bcb487cc26dd0d5f7d97098a6c","hash":"35757fb9b7b009d7d76d85664bb735d0ab6baab9"}
,"C:\\Users\\matte\\Desktop\\Vue\\bazylia-node\\src\\business\\rozliczenia\\rozliczenia.routes.js": {"path":"C:\\Users\\matte\\Desktop\\Vue\\bazylia-node\\src\\business\\rozliczenia\\rozliczenia.routes.js","statementMap":{"0":{"start":{"line":1,"column":16},"end":{"line":1,"column":34}},"1":{"start":{"line":2,"column":31},"end":{"line":2,"column":70}},"2":{"start":{"line":3,"column":15},"end":{"line":3,"column":31}},"3":{"start":{"line":6,"column":0},"end":{"line":8,"column":58}},"4":{"start":{"line":11,"column":0},"end":{"line":13,"column":58}},"5":{"start":{"line":17,"column":0},"end":{"line":17,"column":24}}},"fnMap":{},"branchMap":{},"s":{"0":1,"1":1,"2":1,"3":1,"4":1,"5":1},"f":{},"b":{},"_coverageSchema":"332fd63041d2c1bcb487cc26dd0d5f7d97098a6c","hash":"afb7bc2a0bd5319a2ccd0d38b493cb8b81e76032"}
,"C:\\Users\\matte\\Desktop\\Vue\\bazylia-node\\src\\business\\rozliczenia\\rozliczenia.services.js": {"path":"C:\\Users\\matte\\Desktop\\Vue\\bazylia-node\\src\\business\\rozliczenia\\rozliczenia.services.js","statementMap":{"0":{"start":{"line":1,"column":24},"end":{"line":1,"column":62}},"1":{"start":{"line":2,"column":0},"end":{"line":80,"column":1}},"2":{"start":{"line":4,"column":19},"end":{"line":4,"column":21}},"3":{"start":{"line":5,"column":0},"end":{"line":78,"column":3}},"4":{"start":{"line":8,"column":27},"end":{"line":8,"column":29}},"5":{"start":{"line":9,"column":4},"end":{"line":13,"column":6}},"6":{"start":{"line":10,"column":8},"end":{"line":12,"column":9}},"7":{"start":{"line":11,"column":12},"end":{"line":11,"column":39}},"8":{"start":{"line":15,"column":31},"end":{"line":15,"column":109}},"9":{"start":{"line":15,"column":61},"end":{"line":15,"column":108}},"10":{"start":{"line":19,"column":28},"end":{"line":19,"column":30}},"11":{"start":{"line":20,"column":30},"end":{"line":20,"column":32}},"12":{"start":{"line":22,"column":4},"end":{"line":28,"column":7}},"13":{"start":{"line":23,"column":24},"end":{"line":23,"column":58}},"14":{"start":{"line":24,"column":8},"end":{"line":24,"column":37}},"15":{"start":{"line":27,"column":8},"end":{"line":27,"column":62}},"16":{"start":{"line":31,"column":34},"end":{"line":31,"column":91}},"17":{"start":{"line":34,"column":24},"end":{"line":34,"column":26}},"18":{"start":{"line":36,"column":4},"end":{"line":70,"column":6}},"19":{"start":{"line":37,"column":27},"end":{"line":37,"column":29}},"20":{"start":{"line":38,"column":24},"end":{"line":38,"column":26}},"21":{"start":{"line":39,"column":31},"end":{"line":42,"column":9}},"22":{"start":{"line":44,"column":8},"end":{"line":48,"column":10}},"23":{"start":{"line":45,"column":12},"end":{"line":47,"column":13}},"24":{"start":{"line":46,"column":16},"end":{"line":46,"column":57}},"25":{"start":{"line":50,"column":8},"end":{"line":50,"column":73}},"26":{"start":{"line":52,"column":8},"end":{"line":66,"column":10}},"27":{"start":{"line":53,"column":29},"end":{"line":56,"column":17}},"28":{"start":{"line":58,"column":12},"end":{"line":63,"column":14}},"29":{"start":{"line":59,"column":16},"end":{"line":62,"column":17}},"30":{"start":{"line":60,"column":20},"end":{"line":60,"column":48}},"31":{"start":{"line":61,"column":20},"end":{"line":61,"column":53}},"32":{"start":{"line":65,"column":12},"end":{"line":65,"column":50}},"33":{"start":{"line":68,"column":8},"end":{"line":68,"column":42}},"34":{"start":{"line":72,"column":4},"end":{"line":77,"column":5}},"35":{"start":{"line":73,"column":8},"end":{"line":76,"column":10}},"36":{"start":{"line":79,"column":4},"end":{"line":79,"column":22}},"37":{"start":{"line":83,"column":0},"end":{"line":113,"column":5}},"38":{"start":{"line":84,"column":35},"end":{"line":84,"column":105}},"39":{"start":{"line":84,"column":57},"end":{"line":84,"column":104}},"40":{"start":{"line":86,"column":28},"end":{"line":86,"column":30}},"41":{"start":{"line":88,"column":8},"end":{"line":90,"column":10}},"42":{"start":{"line":89,"column":12},"end":{"line":89,"column":54}},"43":{"start":{"line":91,"column":31},"end":{"line":91,"column":84}},"44":{"start":{"line":93,"column":30},"end":{"line":93,"column":32}},"45":{"start":{"line":94,"column":8},"end":{"line":110,"column":10}},"46":{"start":{"line":96,"column":29},"end":{"line":99,"column":13}},"47":{"start":{"line":101,"column":12},"end":{"line":106,"column":14}},"48":{"start":{"line":102,"column":16},"end":{"line":105,"column":17}},"49":{"start":{"line":103,"column":20},"end":{"line":103,"column":53}},"50":{"start":{"line":104,"column":20},"end":{"line":104,"column":48}},"51":{"start":{"line":108,"column":12},"end":{"line":108,"column":40}},"52":{"start":{"line":112,"column":8},"end":{"line":112,"column":29}}},"fnMap":{"0":{"name":"(anonymous_0)","decl":{"start":{"line":2,"column":39},"end":{"line":2,"column":40}},"loc":{"start":{"line":2,"column":64},"end":{"line":80,"column":1}},"line":2},"1":{"name":"(anonymous_1)","decl":{"start":{"line":5,"column":14},"end":{"line":5,"column":15}},"loc":{"start":{"line":5,"column":23},"end":{"line":78,"column":1}},"line":5},"2":{"name":"(anonymous_2)","decl":{"start":{"line":9,"column":15},"end":{"line":9,"column":16}},"loc":{"start":{"line":9,"column":24},"end":{"line":13,"column":5}},"line":9},"3":{"name":"(anonymous_3)","decl":{"start":{"line":15,"column":51},"end":{"line":15,"column":52}},"loc":{"start":{"line":15,"column":61},"end":{"line":15,"column":108}},"line":15},"4":{"name":"(anonymous_4)","decl":{"start":{"line":22,"column":31},"end":{"line":22,"column":32}},"loc":{"start":{"line":22,"column":41},"end":{"line":28,"column":5}},"line":22},"5":{"name":"(anonymous_5)","decl":{"start":{"line":36,"column":34},"end":{"line":36,"column":35}},"loc":{"start":{"line":36,"column":51},"end":{"line":70,"column":5}},"line":36},"6":{"name":"(anonymous_6)","decl":{"start":{"line":44,"column":34},"end":{"line":44,"column":35}},"loc":{"start":{"line":44,"column":44},"end":{"line":48,"column":9}},"line":44},"7":{"name":"(anonymous_7)","decl":{"start":{"line":52,"column":26},"end":{"line":52,"column":27}},"loc":{"start":{"line":52,"column":32},"end":{"line":66,"column":9}},"line":52},"8":{"name":"(anonymous_8)","decl":{"start":{"line":58,"column":38},"end":{"line":58,"column":39}},"loc":{"start":{"line":58,"column":48},"end":{"line":63,"column":13}},"line":58},"9":{"name":"(anonymous_9)","decl":{"start":{"line":83,"column":49},"end":{"line":83,"column":50}},"loc":{"start":{"line":83,"column":67},"end":{"line":113,"column":5}},"line":83},"10":{"name":"(anonymous_10)","decl":{"start":{"line":84,"column":47},"end":{"line":84,"column":48}},"loc":{"start":{"line":84,"column":57},"end":{"line":84,"column":104}},"line":84},"11":{"name":"(anonymous_11)","decl":{"start":{"line":88,"column":35},"end":{"line":88,"column":36}},"loc":{"start":{"line":88,"column":45},"end":{"line":90,"column":9}},"line":88},"12":{"name":"(anonymous_12)","decl":{"start":{"line":94,"column":31},"end":{"line":94,"column":32}},"loc":{"start":{"line":94,"column":48},"end":{"line":110,"column":9}},"line":94},"13":{"name":"(anonymous_13)","decl":{"start":{"line":101,"column":39},"end":{"line":101,"column":40}},"loc":{"start":{"line":101,"column":49},"end":{"line":106,"column":13}},"line":101}},"branchMap":{"0":{"loc":{"start":{"line":10,"column":8},"end":{"line":12,"column":9}},"type":"if","locations":[{"start":{"line":10,"column":8},"end":{"line":12,"column":9}},{"start":{"line":10,"column":8},"end":{"line":12,"column":9}}],"line":10},"1":{"loc":{"start":{"line":10,"column":11},"end":{"line":10,"column":61}},"type":"binary-expr","locations":[{"start":{"line":10,"column":11},"end":{"line":10,"column":25}},{"start":{"line":10,"column":29},"end":{"line":10,"column":61}}],"line":10},"2":{"loc":{"start":{"line":45,"column":12},"end":{"line":47,"column":13}},"type":"if","locations":[{"start":{"line":45,"column":12},"end":{"line":47,"column":13}},{"start":{"line":45,"column":12},"end":{"line":47,"column":13}}],"line":45},"3":{"loc":{"start":{"line":59,"column":16},"end":{"line":62,"column":17}},"type":"if","locations":[{"start":{"line":59,"column":16},"end":{"line":62,"column":17}},{"start":{"line":59,"column":16},"end":{"line":62,"column":17}}],"line":59},"4":{"loc":{"start":{"line":59,"column":19},"end":{"line":59,"column":86}},"type":"binary-expr","locations":[{"start":{"line":59,"column":19},"end":{"line":59,"column":50}},{"start":{"line":59,"column":54},"end":{"line":59,"column":86}}],"line":59},"5":{"loc":{"start":{"line":72,"column":4},"end":{"line":77,"column":5}},"type":"if","locations":[{"start":{"line":72,"column":4},"end":{"line":77,"column":5}},{"start":{"line":72,"column":4},"end":{"line":77,"column":5}}],"line":72},"6":{"loc":{"start":{"line":102,"column":16},"end":{"line":105,"column":17}},"type":"if","locations":[{"start":{"line":102,"column":16},"end":{"line":105,"column":17}},{"start":{"line":102,"column":16},"end":{"line":105,"column":17}}],"line":102}},"s":{"0":2,"1":2,"2":0,"3":0,"4":0,"5":0,"6":0,"7":0,"8":0,"9":0,"10":0,"11":0,"12":0,"13":0,"14":0,"15":0,"16":0,"17":0,"18":0,"19":0,"20":0,"21":0,"22":0,"23":0,"24":0,"25":0,"26":0,"27":0,"28":0,"29":0,"30":0,"31":0,"32":0,"33":0,"34":0,"35":0,"36":0,"37":2,"38":0,"39":0,"40":0,"41":0,"42":0,"43":0,"44":0,"45":0,"46":0,"47":0,"48":0,"49":0,"50":0,"51":0,"52":0},"f":{"0":0,"1":0,"2":0,"3":0,"4":0,"5":0,"6":0,"7":0,"8":0,"9":0,"10":0,"11":0,"12":0,"13":0},"b":{"0":[0,0],"1":[0,0],"2":[0,0],"3":[0,0],"4":[0,0],"5":[0,0],"6":[0,0]},"_coverageSchema":"332fd63041d2c1bcb487cc26dd0d5f7d97098a6c","hash":"403642ce608c4222a51b1f11e9a778e0f97d37e4"}
,"C:\\Users\\matte\\Desktop\\Vue\\bazylia-node\\src\\business\\user\\user.models.js": {"path":"C:\\Users\\matte\\Desktop\\Vue\\bazylia-node\\src\\business\\user\\user.models.js","statementMap":{"0":{"start":{"line":1,"column":17},"end":{"line":1,"column":36}},"1":{"start":{"line":2,"column":15},"end":{"line":2,"column":32}},"2":{"start":{"line":4,"column":19},"end":{"line":24,"column":1}},"3":{"start":{"line":26,"column":0},"end":{"line":39,"column":2}},"4":{"start":{"line":27,"column":2},"end":{"line":29,"column":3}},"5":{"start":{"line":28,"column":4},"end":{"line":28,"column":17}},"6":{"start":{"line":31,"column":2},"end":{"line":38,"column":4}},"7":{"start":{"line":32,"column":4},"end":{"line":34,"column":5}},"8":{"start":{"line":33,"column":6},"end":{"line":33,"column":22}},"9":{"start":{"line":36,"column":4},"end":{"line":36,"column":24}},"10":{"start":{"line":37,"column":4},"end":{"line":37,"column":10}},"11":{"start":{"line":41,"column":0},"end":{"line":52,"column":1}},"12":{"start":{"line":42,"column":23},"end":{"line":42,"column":36}},"13":{"start":{"line":43,"column":2},"end":{"line":51,"column":4}},"14":{"start":{"line":44,"column":4},"end":{"line":50,"column":6}},"15":{"start":{"line":45,"column":6},"end":{"line":47,"column":7}},"16":{"start":{"line":46,"column":8},"end":{"line":46,"column":26}},"17":{"start":{"line":49,"column":6},"end":{"line":49,"column":19}},"18":{"start":{"line":54,"column":0},"end":{"line":54,"column":58}}},"fnMap":{"0":{"name":"(anonymous_0)","decl":{"start":{"line":26,"column":23},"end":{"line":26,"column":24}},"loc":{"start":{"line":26,"column":38},"end":{"line":39,"column":1}},"line":26},"1":{"name":"(anonymous_1)","decl":{"start":{"line":31,"column":32},"end":{"line":31,"column":33}},"loc":{"start":{"line":31,"column":47},"end":{"line":38,"column":3}},"line":31},"2":{"name":"(anonymous_2)","decl":{"start":{"line":41,"column":35},"end":{"line":41,"column":36}},"loc":{"start":{"line":41,"column":54},"end":{"line":52,"column":1}},"line":41},"3":{"name":"(anonymous_3)","decl":{"start":{"line":43,"column":21},"end":{"line":43,"column":22}},"loc":{"start":{"line":43,"column":42},"end":{"line":51,"column":3}},"line":43},"4":{"name":"(anonymous_4)","decl":{"start":{"line":44,"column":43},"end":{"line":44,"column":44}},"loc":{"start":{"line":44,"column":58},"end":{"line":50,"column":5}},"line":44}},"branchMap":{"0":{"loc":{"start":{"line":27,"column":2},"end":{"line":29,"column":3}},"type":"if","locations":[{"start":{"line":27,"column":2},"end":{"line":29,"column":3}},{"start":{"line":27,"column":2},"end":{"line":29,"column":3}}],"line":27},"1":{"loc":{"start":{"line":32,"column":4},"end":{"line":34,"column":5}},"type":"if","locations":[{"start":{"line":32,"column":4},"end":{"line":34,"column":5}},{"start":{"line":32,"column":4},"end":{"line":34,"column":5}}],"line":32},"2":{"loc":{"start":{"line":45,"column":6},"end":{"line":47,"column":7}},"type":"if","locations":[{"start":{"line":45,"column":6},"end":{"line":47,"column":7}},{"start":{"line":45,"column":6},"end":{"line":47,"column":7}}],"line":45}},"s":{"0":1,"1":1,"2":1,"3":1,"4":4,"5":0,"6":4,"7":4,"8":0,"9":4,"10":4,"11":1,"12":0,"13":0,"14":0,"15":0,"16":0,"17":0,"18":1},"f":{"0":4,"1":4,"2":0,"3":0,"4":0},"b":{"0":[0,4],"1":[0,4],"2":[0,0]},"_coverageSchema":"332fd63041d2c1bcb487cc26dd0d5f7d97098a6c","hash":"67d297ec882fbea625fbbf3855ae0a8bb53ccd9f"}
,"C:\\Users\\matte\\Desktop\\Vue\\bazylia-node\\src\\business\\uslugi\\uslugi.controllers.js": {"path":"C:\\Users\\matte\\Desktop\\Vue\\bazylia-node\\src\\business\\uslugi\\uslugi.controllers.js","statementMap":{"0":{"start":{"line":1,"column":24},"end":{"line":1,"column":51}},"1":{"start":{"line":2,"column":15},"end":{"line":2,"column":44}},"2":{"start":{"line":4,"column":0},"end":{"line":24,"column":1}},"3":{"start":{"line":4,"column":39},"end":{"line":24,"column":1}},"4":{"start":{"line":5,"column":4},"end":{"line":23,"column":5}},"5":{"start":{"line":6,"column":19},"end":{"line":9,"column":15}},"6":{"start":{"line":10,"column":8},"end":{"line":12,"column":9}},"7":{"start":{"line":11,"column":8},"end":{"line":11,"column":36}},"8":{"start":{"line":13,"column":22},"end":{"line":13,"column":24}},"9":{"start":{"line":15,"column":8},"end":{"line":17,"column":10}},"10":{"start":{"line":16,"column":8},"end":{"line":16,"column":66}},"11":{"start":{"line":19,"column":8},"end":{"line":19,"column":43}},"12":{"start":{"line":21,"column":8},"end":{"line":21,"column":24}},"13":{"start":{"line":22,"column":8},"end":{"line":22,"column":29}},"14":{"start":{"line":26,"column":38},"end":{"line":28,"column":1}},"15":{"start":{"line":27,"column":4},"end":{"line":27,"column":49}},"16":{"start":{"line":30,"column":0},"end":{"line":33,"column":1}}},"fnMap":{"0":{"name":"(anonymous_0)","decl":{"start":{"line":4,"column":33},"end":{"line":4,"column":34}},"loc":{"start":{"line":4,"column":39},"end":{"line":24,"column":1}},"line":4},"1":{"name":"(anonymous_1)","decl":{"start":{"line":4,"column":39},"end":{"line":4,"column":40}},"loc":{"start":{"line":4,"column":59},"end":{"line":24,"column":1}},"line":4},"2":{"name":"(anonymous_2)","decl":{"start":{"line":15,"column":21},"end":{"line":15,"column":22}},"loc":{"start":{"line":15,"column":28},"end":{"line":17,"column":9}},"line":15},"3":{"name":"(anonymous_3)","decl":{"start":{"line":26,"column":38},"end":{"line":26,"column":39}},"loc":{"start":{"line":26,"column":48},"end":{"line":28,"column":1}},"line":26}},"branchMap":{"0":{"loc":{"start":{"line":10,"column":8},"end":{"line":12,"column":9}},"type":"if","locations":[{"start":{"line":10,"column":8},"end":{"line":12,"column":9}},{"start":{"line":10,"column":8},"end":{"line":12,"column":9}}],"line":10}},"s":{"0":2,"1":2,"2":2,"3":2,"4":0,"5":0,"6":0,"7":0,"8":0,"9":0,"10":0,"11":0,"12":0,"13":0,"14":2,"15":0,"16":2},"f":{"0":2,"1":0,"2":0,"3":0},"b":{"0":[0,0]},"_coverageSchema":"332fd63041d2c1bcb487cc26dd0d5f7d97098a6c","hash":"5a46cce0a7298edd581b4d45d19ac1deab01816a"}
,"C:\\Users\\matte\\Desktop\\Vue\\bazylia-node\\src\\business\\uslugi\\uslugi.models.js": {"path":"C:\\Users\\matte\\Desktop\\Vue\\bazylia-node\\src\\business\\uslugi\\uslugi.models.js","statementMap":{"0":{"start":{"line":1,"column":17},"end":{"line":1,"column":36}},"1":{"start":{"line":3,"column":21},"end":{"line":10,"column":2}},"2":{"start":{"line":12,"column":0},"end":{"line":12,"column":75}}},"fnMap":{},"branchMap":{},"s":{"0":6,"1":6,"2":6},"f":{},"b":{},"_coverageSchema":"332fd63041d2c1bcb487cc26dd0d5f7d97098a6c","hash":"fe97ba0796b4e9daa5b229efea183dc83e4f29a8"}
,"C:\\Users\\matte\\Desktop\\Vue\\bazylia-node\\src\\business\\uslugi\\uslugi.routes.js": {"path":"C:\\Users\\matte\\Desktop\\Vue\\bazylia-node\\src\\business\\uslugi\\uslugi.routes.js","statementMap":{"0":{"start":{"line":1,"column":16},"end":{"line":1,"column":34}},"1":{"start":{"line":2,"column":26},"end":{"line":2,"column":60}},"2":{"start":{"line":3,"column":15},"end":{"line":3,"column":31}},"3":{"start":{"line":5,"column":43},"end":{"line":5,"column":60}},"4":{"start":{"line":8,"column":0},"end":{"line":10,"column":31}},"5":{"start":{"line":13,"column":0},"end":{"line":15,"column":21}},"6":{"start":{"line":19,"column":0},"end":{"line":19,"column":24}}},"fnMap":{},"branchMap":{},"s":{"0":1,"1":1,"2":1,"3":1,"4":1,"5":1,"6":1},"f":{},"b":{},"_coverageSchema":"332fd63041d2c1bcb487cc26dd0d5f7d97098a6c","hash":"df7a1414afeec17038b381b284d6f97f5a4f5733"}
,"C:\\Users\\matte\\Desktop\\Vue\\bazylia-node\\src\\business\\wizyty\\wizyty.controllers.js": {"path":"C:\\Users\\matte\\Desktop\\Vue\\bazylia-node\\src\\business\\wizyty\\wizyty.controllers.js","statementMap":{"0":{"start":{"line":1,"column":24},"end":{"line":1,"column":51}},"1":{"start":{"line":2,"column":15},"end":{"line":2,"column":44}},"2":{"start":{"line":3,"column":35},"end":{"line":3,"column":65}},"3":{"start":{"line":4,"column":21},"end":{"line":4,"column":39}},"4":{"start":{"line":6,"column":0},"end":{"line":29,"column":3}},"5":{"start":{"line":6,"column":34},"end":{"line":29,"column":3}},"6":{"start":{"line":7,"column":4},"end":{"line":28,"column":5}},"7":{"start":{"line":8,"column":17},"end":{"line":14,"column":15}},"8":{"start":{"line":16,"column":29},"end":{"line":16,"column":31}},"9":{"start":{"line":18,"column":6},"end":{"line":22,"column":8}},"10":{"start":{"line":19,"column":8},"end":{"line":21,"column":9}},"11":{"start":{"line":24,"column":6},"end":{"line":24,"column":50}},"12":{"start":{"line":26,"column":6},"end":{"line":26,"column":22}},"13":{"start":{"line":27,"column":6},"end":{"line":27,"column":27}},"14":{"start":{"line":31,"column":0},"end":{"line":73,"column":1}},"15":{"start":{"line":31,"column":36},"end":{"line":73,"column":1}},"16":{"start":{"line":38,"column":4},"end":{"line":72,"column":5}},"17":{"start":{"line":40,"column":8},"end":{"line":68,"column":9}},"18":{"start":{"line":41,"column":18},"end":{"line":44,"column":10}},"19":{"start":{"line":46,"column":19},"end":{"line":59,"column":9}},"20":{"start":{"line":52,"column":12},"end":{"line":57,"column":13}},"21":{"start":{"line":53,"column":16},"end":{"line":53,"column":30}},"22":{"start":{"line":55,"column":16},"end":{"line":55,"column":65}},"23":{"start":{"line":56,"column":16},"end":{"line":56,"column":46}},"24":{"start":{"line":62,"column":18},"end":{"line":64,"column":10}},"25":{"start":{"line":66,"column":8},"end":{"line":66,"column":57}},"26":{"start":{"line":67,"column":8},"end":{"line":67,"column":38}},"27":{"start":{"line":70,"column":8},"end":{"line":70,"column":24}},"28":{"start":{"line":71,"column":8},"end":{"line":71,"column":29}},"29":{"start":{"line":75,"column":0},"end":{"line":100,"column":1}},"30":{"start":{"line":75,"column":39},"end":{"line":100,"column":1}},"31":{"start":{"line":76,"column":4},"end":{"line":99,"column":5}},"32":{"start":{"line":77,"column":15},"end":{"line":81,"column":23}},"33":{"start":{"line":83,"column":8},"end":{"line":85,"column":9}},"34":{"start":{"line":84,"column":8},"end":{"line":84,"column":36}},"35":{"start":{"line":87,"column":20},"end":{"line":87,"column":22}},"36":{"start":{"line":88,"column":8},"end":{"line":92,"column":10}},"37":{"start":{"line":89,"column":12},"end":{"line":91,"column":13}},"38":{"start":{"line":90,"column":16},"end":{"line":90,"column":73}},"39":{"start":{"line":94,"column":4},"end":{"line":94,"column":39}},"40":{"start":{"line":97,"column":8},"end":{"line":97,"column":24}},"41":{"start":{"line":98,"column":8},"end":{"line":98,"column":29}},"42":{"start":{"line":102,"column":0},"end":{"line":127,"column":1}},"43":{"start":{"line":102,"column":46},"end":{"line":127,"column":1}},"44":{"start":{"line":103,"column":4},"end":{"line":126,"column":5}},"45":{"start":{"line":104,"column":15},"end":{"line":108,"column":23}},"46":{"start":{"line":110,"column":8},"end":{"line":112,"column":9}},"47":{"start":{"line":111,"column":8},"end":{"line":111,"column":36}},"48":{"start":{"line":114,"column":20},"end":{"line":114,"column":22}},"49":{"start":{"line":115,"column":8},"end":{"line":119,"column":10}},"50":{"start":{"line":116,"column":12},"end":{"line":118,"column":13}},"51":{"start":{"line":117,"column":16},"end":{"line":117,"column":33}},"52":{"start":{"line":121,"column":4},"end":{"line":121,"column":51}},"53":{"start":{"line":124,"column":8},"end":{"line":124,"column":24}},"54":{"start":{"line":125,"column":8},"end":{"line":125,"column":29}},"55":{"start":{"line":130,"column":0},"end":{"line":136,"column":1}}},"fnMap":{"0":{"name":"(anonymous_0)","decl":{"start":{"line":6,"column":29},"end":{"line":6,"column":30}},"loc":{"start":{"line":6,"column":34},"end":{"line":29,"column":3}},"line":6},"1":{"name":"(anonymous_1)","decl":{"start":{"line":6,"column":34},"end":{"line":6,"column":35}},"loc":{"start":{"line":6,"column":54},"end":{"line":29,"column":3}},"line":6},"2":{"name":"(anonymous_2)","decl":{"start":{"line":18,"column":19},"end":{"line":18,"column":20}},"loc":{"start":{"line":18,"column":26},"end":{"line":22,"column":7}},"line":18},"3":{"name":"(anonymous_3)","decl":{"start":{"line":31,"column":30},"end":{"line":31,"column":31}},"loc":{"start":{"line":31,"column":36},"end":{"line":73,"column":1}},"line":31},"4":{"name":"(anonymous_4)","decl":{"start":{"line":31,"column":36},"end":{"line":31,"column":37}},"loc":{"start":{"line":31,"column":56},"end":{"line":73,"column":1}},"line":31},"5":{"name":"(anonymous_5)","decl":{"start":{"line":51,"column":12},"end":{"line":51,"column":13}},"loc":{"start":{"line":51,"column":34},"end":{"line":58,"column":13}},"line":51},"6":{"name":"(anonymous_6)","decl":{"start":{"line":75,"column":33},"end":{"line":75,"column":34}},"loc":{"start":{"line":75,"column":39},"end":{"line":100,"column":1}},"line":75},"7":{"name":"(anonymous_7)","decl":{"start":{"line":75,"column":39},"end":{"line":75,"column":40}},"loc":{"start":{"line":75,"column":59},"end":{"line":100,"column":1}},"line":75},"8":{"name":"(anonymous_8)","decl":{"start":{"line":88,"column":21},"end":{"line":88,"column":22}},"loc":{"start":{"line":88,"column":28},"end":{"line":92,"column":9}},"line":88},"9":{"name":"(anonymous_9)","decl":{"start":{"line":102,"column":40},"end":{"line":102,"column":41}},"loc":{"start":{"line":102,"column":46},"end":{"line":127,"column":1}},"line":102},"10":{"name":"(anonymous_10)","decl":{"start":{"line":102,"column":46},"end":{"line":102,"column":47}},"loc":{"start":{"line":102,"column":66},"end":{"line":127,"column":1}},"line":102},"11":{"name":"(anonymous_11)","decl":{"start":{"line":115,"column":21},"end":{"line":115,"column":22}},"loc":{"start":{"line":115,"column":28},"end":{"line":119,"column":9}},"line":115}},"branchMap":{"0":{"loc":{"start":{"line":40,"column":8},"end":{"line":68,"column":9}},"type":"if","locations":[{"start":{"line":40,"column":8},"end":{"line":68,"column":9}},{"start":{"line":40,"column":8},"end":{"line":68,"column":9}}],"line":40},"1":{"loc":{"start":{"line":48,"column":21},"end":{"line":48,"column":93}},"type":"cond-expr","locations":[{"start":{"line":48,"column":46},"end":{"line":48,"column":86}},{"start":{"line":48,"column":89},"end":{"line":48,"column":93}}],"line":48},"2":{"loc":{"start":{"line":52,"column":12},"end":{"line":57,"column":13}},"type":"if","locations":[{"start":{"line":52,"column":12},"end":{"line":57,"column":13}},{"start":{"line":52,"column":12},"end":{"line":57,"column":13}}],"line":52},"3":{"loc":{"start":{"line":83,"column":8},"end":{"line":85,"column":9}},"type":"if","locations":[{"start":{"line":83,"column":8},"end":{"line":85,"column":9}},{"start":{"line":83,"column":8},"end":{"line":85,"column":9}}],"line":83},"4":{"loc":{"start":{"line":89,"column":12},"end":{"line":91,"column":13}},"type":"if","locations":[{"start":{"line":89,"column":12},"end":{"line":91,"column":13}},{"start":{"line":89,"column":12},"end":{"line":91,"column":13}}],"line":89},"5":{"loc":{"start":{"line":89,"column":15},"end":{"line":89,"column":80}},"type":"binary-expr","locations":[{"start":{"line":89,"column":15},"end":{"line":89,"column":49}},{"start":{"line":89,"column":53},"end":{"line":89,"column":80}}],"line":89},"6":{"loc":{"start":{"line":110,"column":8},"end":{"line":112,"column":9}},"type":"if","locations":[{"start":{"line":110,"column":8},"end":{"line":112,"column":9}},{"start":{"line":110,"column":8},"end":{"line":112,"column":9}}],"line":110},"7":{"loc":{"start":{"line":116,"column":12},"end":{"line":118,"column":13}},"type":"if","locations":[{"start":{"line":116,"column":12},"end":{"line":118,"column":13}},{"start":{"line":116,"column":12},"end":{"line":118,"column":13}}],"line":116},"8":{"loc":{"start":{"line":116,"column":15},"end":{"line":116,"column":80}},"type":"binary-expr","locations":[{"start":{"line":116,"column":15},"end":{"line":116,"column":49}},{"start":{"line":116,"column":53},"end":{"line":116,"column":80}}],"line":116}},"s":{"0":2,"1":2,"2":2,"3":2,"4":2,"5":2,"6":0,"7":0,"8":0,"9":0,"10":0,"11":0,"12":0,"13":0,"14":2,"15":2,"16":0,"17":0,"18":0,"19":0,"20":0,"21":0,"22":0,"23":0,"24":0,"25":0,"26":0,"27":0,"28":0,"29":2,"30":2,"31":0,"32":0,"33":0,"34":0,"35":0,"36":0,"37":0,"38":0,"39":0,"40":0,"41":0,"42":2,"43":2,"44":0,"45":0,"46":0,"47":0,"48":0,"49":0,"50":0,"51":0,"52":0,"53":0,"54":0,"55":2},"f":{"0":2,"1":0,"2":0,"3":2,"4":0,"5":0,"6":2,"7":0,"8":0,"9":2,"10":0,"11":0},"b":{"0":[0,0],"1":[0,0],"2":[0,0],"3":[0,0],"4":[0,0],"5":[0,0],"6":[0,0],"7":[0,0],"8":[0,0]},"_coverageSchema":"332fd63041d2c1bcb487cc26dd0d5f7d97098a6c","hash":"257479c358f3df8d8bdde27b01ae1f75dd28ac62"}
,"C:\\Users\\matte\\Desktop\\Vue\\bazylia-node\\src\\business\\wizyty\\wizyty.models.js": {"path":"C:\\Users\\matte\\Desktop\\Vue\\bazylia-node\\src\\business\\wizyty\\wizyty.models.js","statementMap":{"0":{"start":{"line":1,"column":17},"end":{"line":1,"column":36}},"1":{"start":{"line":2,"column":16},"end":{"line":2,"column":54}},"2":{"start":{"line":3,"column":15},"end":{"line":3,"column":49}},"3":{"start":{"line":4,"column":15},"end":{"line":4,"column":30}},"4":{"start":{"line":8,"column":21},"end":{"line":28,"column":2}},"5":{"start":{"line":36,"column":0},"end":{"line":36,"column":75}}},"fnMap":{},"branchMap":{},"s":{"0":3,"1":3,"2":3,"3":3,"4":3,"5":3},"f":{},"b":{},"_coverageSchema":"332fd63041d2c1bcb487cc26dd0d5f7d97098a6c","hash":"19c00d7c42842105e3f664a3ffac5dbd661a6bdb"}
,"C:\\Users\\matte\\Desktop\\Vue\\bazylia-node\\src\\business\\wizyty\\wizyty.routes.js": {"path":"C:\\Users\\matte\\Desktop\\Vue\\bazylia-node\\src\\business\\wizyty\\wizyty.routes.js","statementMap":{"0":{"start":{"line":1,"column":16},"end":{"line":1,"column":34}},"1":{"start":{"line":2,"column":26},"end":{"line":2,"column":60}},"2":{"start":{"line":3,"column":15},"end":{"line":3,"column":31}},"3":{"start":{"line":5,"column":87},"end":{"line":5,"column":104}},"4":{"start":{"line":8,"column":0},"end":{"line":11,"column":19}},"5":{"start":{"line":14,"column":0},"end":{"line":16,"column":21}},"6":{"start":{"line":19,"column":0},"end":{"line":21,"column":28}},"7":{"start":{"line":24,"column":0},"end":{"line":28,"column":36}},"8":{"start":{"line":34,"column":0},"end":{"line":34,"column":24}}},"fnMap":{},"branchMap":{},"s":{"0":1,"1":1,"2":1,"3":1,"4":1,"5":1,"6":1,"7":1,"8":1},"f":{},"b":{},"_coverageSchema":"332fd63041d2c1bcb487cc26dd0d5f7d97098a6c","hash":"515a19f1f8052f258e52011a85fa9bdadf9c79dd"}
,"C:\\Users\\matte\\Desktop\\Vue\\bazylia-node\\src\\config\\index.js": {"path":"C:\\Users\\matte\\Desktop\\Vue\\bazylia-node\\src\\config\\index.js","statementMap":{"0":{"start":{"line":1,"column":0},"end":{"line":1,"column":27}},"1":{"start":{"line":2,"column":18},"end":{"line":2,"column":35}},"2":{"start":{"line":3,"column":12},"end":{"line":3,"column":49}},"3":{"start":{"line":5,"column":19},"end":{"line":14,"column":1}},"4":{"start":{"line":16,"column":16},"end":{"line":16,"column":18}},"5":{"start":{"line":18,"column":0},"end":{"line":29,"column":1}},"6":{"start":{"line":21,"column":4},"end":{"line":21,"column":39}},"7":{"start":{"line":22,"column":4},"end":{"line":22,"column":9}},"8":{"start":{"line":25,"column":4},"end":{"line":25,"column":43}},"9":{"start":{"line":26,"column":4},"end":{"line":26,"column":9}},"10":{"start":{"line":28,"column":4},"end":{"line":28,"column":39}},"11":{"start":{"line":31,"column":0},"end":{"line":31,"column":45}}},"fnMap":{},"branchMap":{"0":{"loc":{"start":{"line":3,"column":12},"end":{"line":3,"column":49}},"type":"binary-expr","locations":[{"start":{"line":3,"column":12},"end":{"line":3,"column":32}},{"start":{"line":3,"column":36},"end":{"line":3,"column":49}}],"line":3},"1":{"loc":{"start":{"line":18,"column":0},"end":{"line":29,"column":1}},"type":"switch","locations":[{"start":{"line":19,"column":2},"end":{"line":19,"column":13}},{"start":{"line":20,"column":2},"end":{"line":22,"column":9}},{"start":{"line":23,"column":2},"end":{"line":23,"column":14}},{"start":{"line":24,"column":2},"end":{"line":26,"column":9}},{"start":{"line":27,"column":2},"end":{"line":28,"column":39}}],"line":18}},"s":{"0":1,"1":1,"2":1,"3":1,"4":1,"5":1,"6":0,"7":0,"8":1,"9":1,"10":0,"11":1},"f":{},"b":{"0":[1,0],"1":[0,0,0,1,0]},"_coverageSchema":"332fd63041d2c1bcb487cc26dd0d5f7d97098a6c","hash":"54446a4bb7d2a7b2f46df2446f413e16dae6d229"}
,"C:\\Users\\matte\\Desktop\\Vue\\bazylia-node\\src\\config\\testing.js": {"path":"C:\\Users\\matte\\Desktop\\Vue\\bazylia-node\\src\\config\\testing.js","statementMap":{"0":{"start":{"line":1,"column":0},"end":{"line":6,"column":3}}},"fnMap":{},"branchMap":{},"s":{"0":1},"f":{},"b":{},"_coverageSchema":"332fd63041d2c1bcb487cc26dd0d5f7d97098a6c","hash":"492c3a23545fd10a5bacf5624a8984265b4e3df1"}
,"C:\\Users\\matte\\Desktop\\Vue\\bazylia-node\\src\\utils\\auth.js": {"path":"C:\\Users\\matte\\Desktop\\Vue\\bazylia-node\\src\\utils\\auth.js","statementMap":{"0":{"start":{"line":1,"column":15},"end":{"line":1,"column":41}},"1":{"start":{"line":2,"column":13},"end":{"line":2,"column":52}},"2":{"start":{"line":3,"column":12},"end":{"line":3,"column":35}},"3":{"start":{"line":5,"column":17},"end":{"line":9,"column":1}},"4":{"start":{"line":6,"column":2},"end":{"line":8,"column":4}},"5":{"start":{"line":11,"column":20},"end":{"line":17,"column":4}},"6":{"start":{"line":12,"column":2},"end":{"line":17,"column":4}},"7":{"start":{"line":13,"column":4},"end":{"line":16,"column":6}},"8":{"start":{"line":14,"column":6},"end":{"line":14,"column":33}},"9":{"start":{"line":14,"column":15},"end":{"line":14,"column":33}},"10":{"start":{"line":15,"column":6},"end":{"line":15,"column":22}},"11":{"start":{"line":19,"column":15},"end":{"line":33,"column":1}},"12":{"start":{"line":21,"column":2},"end":{"line":23,"column":3}},"13":{"start":{"line":22,"column":4},"end":{"line":22,"column":71}},"14":{"start":{"line":25,"column":2},"end":{"line":32,"column":3}},"15":{"start":{"line":26,"column":17},"end":{"line":26,"column":44}},"16":{"start":{"line":27,"column":18},"end":{"line":27,"column":32}},"17":{"start":{"line":29,"column":4},"end":{"line":29,"column":42}},"18":{"start":{"line":31,"column":4},"end":{"line":31,"column":32}},"19":{"start":{"line":35,"column":14},"end":{"line":72,"column":1}},"20":{"start":{"line":36,"column":2},"end":{"line":38,"column":3}},"21":{"start":{"line":37,"column":4},"end":{"line":37,"column":71}},"22":{"start":{"line":40,"column":18},"end":{"line":40,"column":72}},"23":{"start":{"line":42,"column":2},"end":{"line":71,"column":3}},"24":{"start":{"line":43,"column":17},"end":{"line":45,"column":13}},"25":{"start":{"line":47,"column":4},"end":{"line":49,"column":5}},"26":{"start":{"line":48,"column":6},"end":{"line":48,"column":42}},"27":{"start":{"line":51,"column":18},"end":{"line":51,"column":61}},"28":{"start":{"line":53,"column":4},"end":{"line":55,"column":5}},"29":{"start":{"line":54,"column":6},"end":{"line":54,"column":42}},"30":{"start":{"line":57,"column":18},"end":{"line":57,"column":32}},"31":{"start":{"line":59,"column":4},"end":{"line":67,"column":16}},"32":{"start":{"line":69,"column":4},"end":{"line":69,"column":20}},"33":{"start":{"line":70,"column":4},"end":{"line":70,"column":25}},"34":{"start":{"line":75,"column":15},"end":{"line":89,"column":1}},"35":{"start":{"line":77,"column":2},"end":{"line":88,"column":3}},"36":{"start":{"line":79,"column":4},"end":{"line":84,"column":30}},"37":{"start":{"line":86,"column":4},"end":{"line":86,"column":20}},"38":{"start":{"line":87,"column":4},"end":{"line":87,"column":25}},"39":{"start":{"line":91,"column":16},"end":{"line":117,"column":1}},"40":{"start":{"line":92,"column":17},"end":{"line":92,"column":42}},"41":{"start":{"line":94,"column":2},"end":{"line":96,"column":3}},"42":{"start":{"line":95,"column":4},"end":{"line":95,"column":32}},"43":{"start":{"line":98,"column":16},"end":{"line":98,"column":49}},"44":{"start":{"line":100,"column":2},"end":{"line":104,"column":3}},"45":{"start":{"line":101,"column":4},"end":{"line":101,"column":38}},"46":{"start":{"line":103,"column":4},"end":{"line":103,"column":32}},"47":{"start":{"line":106,"column":15},"end":{"line":109,"column":11}},"48":{"start":{"line":111,"column":2},"end":{"line":113,"column":3}},"49":{"start":{"line":112,"column":4},"end":{"line":112,"column":32}},"50":{"start":{"line":115,"column":2},"end":{"line":115,"column":17}},"51":{"start":{"line":116,"column":2},"end":{"line":116,"column":8}},"52":{"start":{"line":120,"column":0},"end":{"line":127,"column":1}}},"fnMap":{"0":{"name":"(anonymous_0)","decl":{"start":{"line":5,"column":17},"end":{"line":5,"column":18}},"loc":{"start":{"line":5,"column":25},"end":{"line":9,"column":1}},"line":5},"1":{"name":"(anonymous_1)","decl":{"start":{"line":11,"column":20},"end":{"line":11,"column":21}},"loc":{"start":{"line":12,"column":2},"end":{"line":17,"column":4}},"line":12},"2":{"name":"(anonymous_2)","decl":{"start":{"line":12,"column":14},"end":{"line":12,"column":15}},"loc":{"start":{"line":12,"column":35},"end":{"line":17,"column":3}},"line":12},"3":{"name":"(anonymous_3)","decl":{"start":{"line":13,"column":42},"end":{"line":13,"column":43}},"loc":{"start":{"line":13,"column":60},"end":{"line":16,"column":5}},"line":13},"4":{"name":"(anonymous_4)","decl":{"start":{"line":19,"column":15},"end":{"line":19,"column":16}},"loc":{"start":{"line":19,"column":35},"end":{"line":33,"column":1}},"line":19},"5":{"name":"(anonymous_5)","decl":{"start":{"line":35,"column":14},"end":{"line":35,"column":15}},"loc":{"start":{"line":35,"column":34},"end":{"line":72,"column":1}},"line":35},"6":{"name":"(anonymous_6)","decl":{"start":{"line":75,"column":15},"end":{"line":75,"column":16}},"loc":{"start":{"line":75,"column":35},"end":{"line":89,"column":1}},"line":75},"7":{"name":"(anonymous_7)","decl":{"start":{"line":91,"column":16},"end":{"line":91,"column":17}},"loc":{"start":{"line":91,"column":42},"end":{"line":117,"column":1}},"line":91}},"branchMap":{"0":{"loc":{"start":{"line":14,"column":6},"end":{"line":14,"column":33}},"type":"if","locations":[{"start":{"line":14,"column":6},"end":{"line":14,"column":33}},{"start":{"line":14,"column":6},"end":{"line":14,"column":33}}],"line":14},"1":{"loc":{"start":{"line":21,"column":2},"end":{"line":23,"column":3}},"type":"if","locations":[{"start":{"line":21,"column":2},"end":{"line":23,"column":3}},{"start":{"line":21,"column":2},"end":{"line":23,"column":3}}],"line":21},"2":{"loc":{"start":{"line":21,"column":6},"end":{"line":21,"column":43}},"type":"binary-expr","locations":[{"start":{"line":21,"column":6},"end":{"line":21,"column":21}},{"start":{"line":21,"column":25},"end":{"line":21,"column":43}}],"line":21},"3":{"loc":{"start":{"line":36,"column":2},"end":{"line":38,"column":3}},"type":"if","locations":[{"start":{"line":36,"column":2},"end":{"line":38,"column":3}},{"start":{"line":36,"column":2},"end":{"line":38,"column":3}}],"line":36},"4":{"loc":{"start":{"line":36,"column":6},"end":{"line":36,"column":43}},"type":"binary-expr","locations":[{"start":{"line":36,"column":6},"end":{"line":36,"column":21}},{"start":{"line":36,"column":25},"end":{"line":36,"column":43}}],"line":36},"5":{"loc":{"start":{"line":47,"column":4},"end":{"line":49,"column":5}},"type":"if","locations":[{"start":{"line":47,"column":4},"end":{"line":49,"column":5}},{"start":{"line":47,"column":4},"end":{"line":49,"column":5}}],"line":47},"6":{"loc":{"start":{"line":53,"column":4},"end":{"line":55,"column":5}},"type":"if","locations":[{"start":{"line":53,"column":4},"end":{"line":55,"column":5}},{"start":{"line":53,"column":4},"end":{"line":55,"column":5}}],"line":53},"7":{"loc":{"start":{"line":94,"column":2},"end":{"line":96,"column":3}},"type":"if","locations":[{"start":{"line":94,"column":2},"end":{"line":96,"column":3}},{"start":{"line":94,"column":2},"end":{"line":96,"column":3}}],"line":94},"8":{"loc":{"start":{"line":94,"column":6},"end":{"line":94,"column":46}},"type":"binary-expr","locations":[{"start":{"line":94,"column":6},"end":{"line":94,"column":13}},{"start":{"line":94,"column":17},"end":{"line":94,"column":46}}],"line":94},"9":{"loc":{"start":{"line":111,"column":2},"end":{"line":113,"column":3}},"type":"if","locations":[{"start":{"line":111,"column":2},"end":{"line":113,"column":3}},{"start":{"line":111,"column":2},"end":{"line":113,"column":3}}],"line":111}},"s":{"0":1,"1":1,"2":1,"3":1,"4":3,"5":1,"6":2,"7":2,"8":2,"9":0,"10":2,"11":1,"12":2,"13":1,"14":1,"15":1,"16":0,"17":0,"18":0,"19":1,"20":2,"21":1,"22":1,"23":1,"24":1,"25":0,"26":0,"27":0,"28":0,"29":0,"30":0,"31":0,"32":0,"33":0,"34":1,"35":0,"36":0,"37":0,"38":0,"39":1,"40":3,"41":3,"42":2,"43":1,"44":1,"45":1,"46":0,"47":1,"48":0,"49":0,"50":0,"51":0,"52":1},"f":{"0":3,"1":2,"2":2,"3":2,"4":2,"5":2,"6":0,"7":3},"b":{"0":[0,2],"1":[1,1],"2":[2,1],"3":[1,1],"4":[2,1],"5":[0,0],"6":[0,0],"7":[2,1],"8":[3,2],"9":[0,0]},"_coverageSchema":"332fd63041d2c1bcb487cc26dd0d5f7d97098a6c","hash":"bb6e2c33e6ef83c2057d8ccd0626eb6e6e7f6dc4"}
,"C:\\Users\\matte\\Desktop\\Vue\\bazylia-node\\src\\utils\\buildMonthField.js": {"path":"C:\\Users\\matte\\Desktop\\Vue\\bazylia-node\\src\\utils\\buildMonthField.js","statementMap":{"0":{"start":{"line":1,"column":0},"end":{"line":8,"column":1}},"1":{"start":{"line":3,"column":20},"end":{"line":3,"column":34}},"2":{"start":{"line":4,"column":24},"end":{"line":4,"column":42}},"3":{"start":{"line":5,"column":21},"end":{"line":5,"column":42}},"4":{"start":{"line":7,"column":4},"end":{"line":7,"column":58}},"5":{"start":{"line":11,"column":25},"end":{"line":14,"column":1}},"6":{"start":{"line":12,"column":19},"end":{"line":12,"column":151}},"7":{"start":{"line":13,"column":4},"end":{"line":13,"column":23}}},"fnMap":{"0":{"name":"(anonymous_0)","decl":{"start":{"line":1,"column":35},"end":{"line":1,"column":36}},"loc":{"start":{"line":1,"column":45},"end":{"line":8,"column":1}},"line":1},"1":{"name":"(anonymous_1)","decl":{"start":{"line":11,"column":25},"end":{"line":11,"column":26}},"loc":{"start":{"line":11,"column":34},"end":{"line":14,"column":1}},"line":11}},"branchMap":{},"s":{"0":4,"1":0,"2":0,"3":0,"4":0,"5":4,"6":0,"7":0},"f":{"0":0,"1":0},"b":{},"_coverageSchema":"332fd63041d2c1bcb487cc26dd0d5f7d97098a6c","hash":"a730a182d14acf20d715d63dc4b449b27f0ba250"}
,"C:\\Users\\matte\\Desktop\\Vue\\bazylia-node\\src\\utils\\crud.js": {"path":"C:\\Users\\matte\\Desktop\\Vue\\bazylia-node\\src\\utils\\crud.js","statementMap":{"0":{"start":{"line":2,"column":35},"end":{"line":2,"column":62}},"1":{"start":{"line":3,"column":0},"end":{"line":21,"column":1}},"2":{"start":{"line":3,"column":41},"end":{"line":21,"column":1}},"3":{"start":{"line":4,"column":2},"end":{"line":20,"column":3}},"4":{"start":{"line":5,"column":14},"end":{"line":8,"column":13}},"5":{"start":{"line":10,"column":4},"end":{"line":12,"column":5}},"6":{"start":{"line":11,"column":6},"end":{"line":11,"column":34}},"7":{"start":{"line":14,"column":4},"end":{"line":14,"column":45}},"8":{"start":{"line":16,"column":4},"end":{"line":16,"column":39}},"9":{"start":{"line":18,"column":4},"end":{"line":18,"column":20}},"10":{"start":{"line":19,"column":4},"end":{"line":19,"column":25}},"11":{"start":{"line":22,"column":0},"end":{"line":40,"column":1}},"12":{"start":{"line":22,"column":41},"end":{"line":40,"column":1}},"13":{"start":{"line":23,"column":2},"end":{"line":39,"column":3}},"14":{"start":{"line":24,"column":15},"end":{"line":27,"column":13}},"15":{"start":{"line":29,"column":27},"end":{"line":29,"column":29}},"16":{"start":{"line":31,"column":4},"end":{"line":33,"column":6}},"17":{"start":{"line":32,"column":6},"end":{"line":32,"column":65}},"18":{"start":{"line":35,"column":4},"end":{"line":35,"column":48}},"19":{"start":{"line":37,"column":4},"end":{"line":37,"column":20}},"20":{"start":{"line":38,"column":4},"end":{"line":38,"column":25}},"21":{"start":{"line":42,"column":0},"end":{"line":54,"column":1}},"22":{"start":{"line":42,"column":45},"end":{"line":54,"column":1}},"23":{"start":{"line":43,"column":2},"end":{"line":53,"column":3}},"24":{"start":{"line":45,"column":14},"end":{"line":45,"column":49}},"25":{"start":{"line":47,"column":4},"end":{"line":47,"column":45}},"26":{"start":{"line":49,"column":4},"end":{"line":49,"column":36}},"27":{"start":{"line":51,"column":4},"end":{"line":51,"column":20}},"28":{"start":{"line":52,"column":4},"end":{"line":52,"column":25}},"29":{"start":{"line":56,"column":0},"end":{"line":78,"column":1}},"30":{"start":{"line":56,"column":44},"end":{"line":78,"column":1}},"31":{"start":{"line":57,"column":2},"end":{"line":77,"column":3}},"32":{"start":{"line":58,"column":21},"end":{"line":65,"column":13}},"33":{"start":{"line":67,"column":6},"end":{"line":67,"column":61}},"34":{"start":{"line":69,"column":4},"end":{"line":71,"column":5}},"35":{"start":{"line":70,"column":6},"end":{"line":70,"column":34}},"36":{"start":{"line":73,"column":4},"end":{"line":73,"column":46}},"37":{"start":{"line":75,"column":4},"end":{"line":75,"column":20}},"38":{"start":{"line":76,"column":4},"end":{"line":76,"column":25}},"39":{"start":{"line":79,"column":0},"end":{"line":93,"column":1}},"40":{"start":{"line":79,"column":44},"end":{"line":93,"column":1}},"41":{"start":{"line":80,"column":2},"end":{"line":92,"column":3}},"42":{"start":{"line":81,"column":18},"end":{"line":81,"column":70}},"43":{"start":{"line":83,"column":4},"end":{"line":85,"column":5}},"44":{"start":{"line":84,"column":6},"end":{"line":84,"column":34}},"45":{"start":{"line":87,"column":4},"end":{"line":87,"column":53}},"46":{"start":{"line":88,"column":4},"end":{"line":88,"column":50}},"47":{"start":{"line":90,"column":4},"end":{"line":90,"column":20}},"48":{"start":{"line":91,"column":4},"end":{"line":91,"column":25}},"49":{"start":{"line":96,"column":0},"end":{"line":102,"column":2}},"50":{"start":{"line":96,"column":51},"end":{"line":102,"column":1}}},"fnMap":{"0":{"name":"(anonymous_0)","decl":{"start":{"line":3,"column":26},"end":{"line":3,"column":27}},"loc":{"start":{"line":3,"column":41},"end":{"line":21,"column":1}},"line":3},"1":{"name":"(anonymous_1)","decl":{"start":{"line":3,"column":41},"end":{"line":3,"column":42}},"loc":{"start":{"line":3,"column":61},"end":{"line":21,"column":1}},"line":3},"2":{"name":"(anonymous_2)","decl":{"start":{"line":22,"column":27},"end":{"line":22,"column":28}},"loc":{"start":{"line":22,"column":41},"end":{"line":40,"column":1}},"line":22},"3":{"name":"(anonymous_3)","decl":{"start":{"line":22,"column":41},"end":{"line":22,"column":42}},"loc":{"start":{"line":22,"column":61},"end":{"line":40,"column":1}},"line":22},"4":{"name":"(anonymous_4)","decl":{"start":{"line":31,"column":17},"end":{"line":31,"column":18}},"loc":{"start":{"line":31,"column":24},"end":{"line":33,"column":5}},"line":31},"5":{"name":"(anonymous_5)","decl":{"start":{"line":42,"column":30},"end":{"line":42,"column":31}},"loc":{"start":{"line":42,"column":45},"end":{"line":54,"column":1}},"line":42},"6":{"name":"(anonymous_6)","decl":{"start":{"line":42,"column":45},"end":{"line":42,"column":46}},"loc":{"start":{"line":42,"column":65},"end":{"line":54,"column":1}},"line":42},"7":{"name":"(anonymous_7)","decl":{"start":{"line":56,"column":29},"end":{"line":56,"column":30}},"loc":{"start":{"line":56,"column":44},"end":{"line":78,"column":1}},"line":56},"8":{"name":"(anonymous_8)","decl":{"start":{"line":56,"column":44},"end":{"line":56,"column":45}},"loc":{"start":{"line":56,"column":64},"end":{"line":78,"column":1}},"line":56},"9":{"name":"(anonymous_9)","decl":{"start":{"line":79,"column":29},"end":{"line":79,"column":30}},"loc":{"start":{"line":79,"column":44},"end":{"line":93,"column":1}},"line":79},"10":{"name":"(anonymous_10)","decl":{"start":{"line":79,"column":44},"end":{"line":79,"column":45}},"loc":{"start":{"line":79,"column":64},"end":{"line":93,"column":1}},"line":79},"11":{"name":"(anonymous_11)","decl":{"start":{"line":96,"column":35},"end":{"line":96,"column":36}},"loc":{"start":{"line":96,"column":51},"end":{"line":102,"column":1}},"line":96}},"branchMap":{"0":{"loc":{"start":{"line":10,"column":4},"end":{"line":12,"column":5}},"type":"if","locations":[{"start":{"line":10,"column":4},"end":{"line":12,"column":5}},{"start":{"line":10,"column":4},"end":{"line":12,"column":5}}],"line":10},"1":{"loc":{"start":{"line":69,"column":4},"end":{"line":71,"column":5}},"type":"if","locations":[{"start":{"line":69,"column":4},"end":{"line":71,"column":5}},{"start":{"line":69,"column":4},"end":{"line":71,"column":5}}],"line":69},"2":{"loc":{"start":{"line":83,"column":4},"end":{"line":85,"column":5}},"type":"if","locations":[{"start":{"line":83,"column":4},"end":{"line":85,"column":5}},{"start":{"line":83,"column":4},"end":{"line":85,"column":5}}],"line":83}},"s":{"0":10,"1":10,"2":10,"3":0,"4":0,"5":0,"6":0,"7":0,"8":0,"9":0,"10":0,"11":10,"12":10,"13":0,"14":0,"15":0,"16":0,"17":0,"18":0,"19":0,"20":0,"21":10,"22":10,"23":0,"24":0,"25":0,"26":0,"27":0,"28":0,"29":10,"30":10,"31":0,"32":0,"33":0,"34":0,"35":0,"36":0,"37":0,"38":0,"39":10,"40":10,"41":0,"42":0,"43":0,"44":0,"45":0,"46":0,"47":0,"48":0,"49":10,"50":10},"f":{"0":10,"1":0,"2":10,"3":0,"4":0,"5":10,"6":0,"7":10,"8":0,"9":10,"10":0,"11":10},"b":{"0":[0,0],"1":[0,0],"2":[0,0]},"_coverageSchema":"332fd63041d2c1bcb487cc26dd0d5f7d97098a6c","hash":"8c24f092a6d2d1bc50e5d8d3e62b50cc89c43a28"}
,"C:\\Users\\matte\\Desktop\\Vue\\bazylia-node\\src\\utils\\replace.js": {"path":"C:\\Users\\matte\\Desktop\\Vue\\bazylia-node\\src\\utils\\replace.js","statementMap":{"0":{"start":{"line":2,"column":0},"end":{"line":14,"column":3}},"1":{"start":{"line":3,"column":22},"end":{"line":3,"column":58}},"2":{"start":{"line":4,"column":25},"end":{"line":7,"column":5}},"3":{"start":{"line":10,"column":4},"end":{"line":10,"column":28}},"4":{"start":{"line":11,"column":4},"end":{"line":11,"column":28}},"5":{"start":{"line":13,"column":4},"end":{"line":13,"column":24}}},"fnMap":{"0":{"name":"(anonymous_0)","decl":{"start":{"line":2,"column":46},"end":{"line":2,"column":47}},"loc":{"start":{"line":2,"column":70},"end":{"line":14,"column":3}},"line":2}},"branchMap":{},"s":{"0":12,"1":0,"2":0,"3":0,"4":0,"5":0},"f":{"0":0},"b":{},"_coverageSchema":"332fd63041d2c1bcb487cc26dd0d5f7d97098a6c","hash":"ba68b770b18d79963b6e002debc285516e277656"}
}
