TN:
SF:C:\Users\matte\Desktop\Vue\bazylia-node\src\business\faktury\faktury.controllers.js
FN:6,(anonymous_0)
FN:6,(anonymous_1)
FN:9,(anonymous_2)
FN:13,(anonymous_3)
FN:38,(anonymous_4)
FN:58,(anonymous_5)
FN:78,(anonymous_6)
FN:101,(anonymous_7)
FN:115,(anonymous_8)
FN:123,(anonymous_9)
FN:130,(anonymous_10)
FN:138,(anonymous_11)
FN:149,(anonymous_12)
FN:152,(anonymous_13)
FN:158,(anonymous_14)
FN:169,(anonymous_15)
FN:169,(anonymous_16)
FN:202,(anonymous_17)
FN:242,(anonymous_18)
FN:260,(anonymous_19)
FN:267,(anonymous_20)
FN:268,(anonymous_21)
FN:274,(anonymous_22)
FN:275,(anonymous_23)
FN:290,(anonymous_24)
FN:290,(anonymous_25)
FN:297,(anonymous_26)
FNF:27
FNH:3
FNDA:2,(anonymous_0)
FNDA:0,(anonymous_1)
FNDA:0,(anonymous_2)
FNDA:0,(anonymous_3)
FNDA:0,(anonymous_4)
FNDA:0,(anonymous_5)
FNDA:0,(anonymous_6)
FNDA:0,(anonymous_7)
FNDA:0,(anonymous_8)
FNDA:0,(anonymous_9)
FNDA:0,(anonymous_10)
FNDA:0,(anonymous_11)
FNDA:0,(anonymous_12)
FNDA:0,(anonymous_13)
FNDA:0,(anonymous_14)
FNDA:2,(anonymous_15)
FNDA:0,(anonymous_16)
FNDA:0,(anonymous_17)
FNDA:0,(anonymous_18)
FNDA:0,(anonymous_19)
FNDA:0,(anonymous_20)
FNDA:0,(anonymous_21)
FNDA:0,(anonymous_22)
FNDA:0,(anonymous_23)
FNDA:2,(anonymous_24)
FNDA:0,(anonymous_25)
FNDA:0,(anonymous_26)
DA:1,2
DA:2,2
DA:3,2
DA:4,2
DA:6,2
DA:7,0
DA:9,0
DA:10,0
DA:13,0
DA:14,0
DA:15,0
DA:19,0
DA:22,0
DA:34,0
DA:38,0
DA:40,0
DA:48,0
DA:50,0
DA:51,0
DA:53,0
DA:54,0
DA:58,2
DA:62,0
DA:64,0
DA:65,0
DA:67,0
DA:68,0
DA:70,0
DA:74,0
DA:78,2
DA:79,0
DA:92,0
DA:95,0
DA:96,0
DA:99,0
DA:101,0
DA:102,0
DA:103,0
DA:106,0
DA:111,0
DA:115,2
DA:118,0
DA:119,0
DA:120,0
DA:122,0
DA:123,0
DA:124,0
DA:126,0
DA:130,2
DA:133,0
DA:134,0
DA:135,0
DA:137,0
DA:138,0
DA:139,0
DA:140,0
DA:141,0
DA:143,0
DA:144,0
DA:145,0
DA:149,2
DA:151,0
DA:152,0
DA:153,0
DA:155,0
DA:158,2
DA:162,0
DA:163,0
DA:165,0
DA:169,2
DA:170,0
DA:171,0
DA:172,0
DA:173,0
DA:175,0
DA:180,0
DA:181,0
DA:184,0
DA:191,0
DA:192,0
DA:193,0
DA:195,0
DA:197,0
DA:198,0
DA:202,2
DA:203,0
DA:204,0
DA:205,0
DA:215,0
DA:217,0
DA:222,0
DA:223,0
DA:225,0
DA:227,0
DA:229,0
DA:231,0
DA:242,2
DA:244,0
DA:245,0
DA:255,0
DA:257,0
DA:259,0
DA:260,0
DA:261,0
DA:264,0
DA:266,0
DA:267,0
DA:268,0
DA:269,0
DA:274,0
DA:275,0
DA:276,0
DA:285,0
DA:290,2
DA:291,0
DA:292,0
DA:297,0
DA:298,0
DA:308,0
DA:310,0
DA:311,0
DA:316,2
DA:323,2
LF:123
LH:17
BRDA:14,0,0,0
BRDA:14,0,1,0
BRDA:14,1,0,0
BRDA:14,1,1,0
BRDA:67,2,0,0
BRDA:67,2,1,0
BRDA:95,3,0,0
BRDA:95,3,1,0
BRDA:99,4,0,0
BRDA:99,4,1,0
BRDA:102,5,0,0
BRDA:102,5,1,0
BRDA:118,6,0,0
BRDA:118,6,1,0
BRDA:118,7,0,0
BRDA:118,7,1,0
BRDA:118,7,2,0
BRDA:134,8,0,0
BRDA:134,8,1,0
BRDA:134,9,0,0
BRDA:134,9,1,0
BRDA:134,9,2,0
BRDA:162,10,0,0
BRDA:162,10,1,0
BRDA:180,11,0,0
BRDA:180,11,1,0
BRDA:203,12,0,0
BRDA:203,12,1,0
BRDA:215,13,0,0
BRDA:215,13,1,0
BRDA:244,14,0,0
BRDA:244,14,1,0
BRDA:244,15,0,0
BRDA:244,15,1,0
BRDA:255,16,0,0
BRDA:255,16,1,0
BRF:36
BRH:0
end_of_record
TN:
SF:C:\Users\matte\Desktop\Vue\bazylia-node\src\business\faktury\faktury.models.js
FNF:0
FNH:0
DA:1,3
DA:40,3
DA:51,3
DA:82,3
LF:4
LH:4
BRF:0
BRH:0
end_of_record
TN:
SF:C:\Users\matte\Desktop\Vue\bazylia-node\src\business\faktury\faktury.routes.js
FNF:0
FNH:0
DA:2,1
DA:3,1
DA:4,1
DA:6,1
DA:9,1
DA:15,1
DA:22,1
LF:7
LH:7
BRF:0
BRH:0
end_of_record
TN:
SF:C:\Users\matte\Desktop\Vue\bazylia-node\src\business\firmy\firmy.controllers.js
FNF:0
FNH:0
DA:1,2
DA:2,2
DA:4,2
LF:3
LH:3
BRF:0
BRH:0
end_of_record
TN:
SF:C:\Users\matte\Desktop\Vue\bazylia-node\src\business\firmy\firmy.models.js
FNF:0
FNH:0
DA:1,9
DA:3,9
DA:15,9
LF:3
LH:3
BRF:0
BRH:0
end_of_record
TN:
SF:C:\Users\matte\Desktop\Vue\bazylia-node\src\business\firmy\firmy.routes.js
FNF:0
FNH:0
DA:2,1
DA:3,1
DA:4,1
DA:7,1
DA:13,1
DA:19,1
LF:6
LH:6
BRF:0
BRH:0
end_of_record
TN:
SF:C:\Users\matte\Desktop\Vue\bazylia-node\src\business\pacjenci\pacjenci.controllers.js
FN:5,(anonymous_0)
FN:5,(anonymous_1)
FN:15,(anonymous_2)
FN:29,(anonymous_3)
FN:29,(anonymous_4)
FN:53,(anonymous_5)
FN:53,(anonymous_6)
FNF:7
FNH:3
FNDA:2,(anonymous_0)
FNDA:0,(anonymous_1)
FNDA:0,(anonymous_2)
FNDA:2,(anonymous_3)
FNDA:0,(anonymous_4)
FNDA:2,(anonymous_5)
FNDA:0,(anonymous_6)
DA:1,2
DA:2,2
DA:3,2
DA:5,2
DA:6,0
DA:7,0
DA:13,0
DA:15,0
DA:16,0
DA:21,0
DA:23,0
DA:24,0
DA:29,2
DA:30,0
DA:31,0
DA:41,0
DA:42,0
DA:45,0
DA:48,0
DA:49,0
DA:53,2
DA:54,0
DA:55,0
DA:65,0
DA:66,0
DA:69,0
DA:72,0
DA:73,0
DA:79,2
LF:29
LH:7
BRDA:17,0,0,0
BRDA:17,0,1,0
BRDA:41,1,0,0
BRDA:41,1,1,0
BRDA:65,2,0,0
BRDA:65,2,1,0
BRF:6
BRH:0
end_of_record
TN:
SF:C:\Users\matte\Desktop\Vue\bazylia-node\src\business\pacjenci\pacjenci.models.js
FNF:0
FNH:0
DA:2,6
DA:3,6
DA:5,6
DA:34,6
LF:4
LH:4
BRF:0
BRH:0
end_of_record
TN:
SF:C:\Users\matte\Desktop\Vue\bazylia-node\src\business\pacjenci\pacjenci.routes.js
FNF:0
FNH:0
DA:1,1
DA:2,1
DA:3,1
DA:5,1
DA:8,1
DA:14,1
DA:21,1
DA:26,1
DA:244,1
LF:9
LH:9
BRF:0
BRH:0
end_of_record
TN:
SF:C:\Users\matte\Desktop\Vue\bazylia-node\src\business\rozliczenia\rozliczenia.controllers.js
FN:5,(anonymous_0)
FN:5,(anonymous_1)
FN:16,(anonymous_2)
FN:21,(anonymous_3)
FN:29,(anonymous_4)
FN:41,(anonymous_5)
FN:41,(anonymous_6)
FN:50,(anonymous_7)
FN:61,(anonymous_8)
FNF:9
FNH:2
FNDA:2,(anonymous_0)
FNDA:0,(anonymous_1)
FNDA:0,(anonymous_2)
FNDA:0,(anonymous_3)
FNDA:0,(anonymous_4)
FNDA:2,(anonymous_5)
FNDA:0,(anonymous_6)
FNDA:0,(anonymous_7)
FNDA:0,(anonymous_8)
DA:2,2
DA:3,2
DA:5,2
DA:6,0
DA:7,0
DA:13,0
DA:15,0
DA:16,0
DA:17,0
DA:20,0
DA:21,0
DA:22,0
DA:26,0
DA:29,0
DA:30,0
DA:34,0
DA:35,0
DA:41,2
DA:42,0
DA:43,0
DA:49,0
DA:50,0
DA:51,0
DA:52,0
DA:53,0
DA:54,0
DA:58,0
DA:61,0
DA:62,0
DA:66,0
DA:67,0
DA:71,2
LF:32
LH:5
BRF:0
BRH:0
end_of_record
TN:
SF:C:\Users\matte\Desktop\Vue\bazylia-node\src\business\rozliczenia\rozliczenia.routes.js
FNF:0
FNH:0
DA:1,1
DA:2,1
DA:3,1
DA:6,1
DA:11,1
DA:17,1
LF:6
LH:6
BRF:0
BRH:0
end_of_record
TN:
SF:C:\Users\matte\Desktop\Vue\bazylia-node\src\business\rozliczenia\rozliczenia.services.js
FN:2,(anonymous_0)
FN:5,(anonymous_1)
FN:9,(anonymous_2)
FN:15,(anonymous_3)
FN:22,(anonymous_4)
FN:36,(anonymous_5)
FN:44,(anonymous_6)
FN:52,(anonymous_7)
FN:58,(anonymous_8)
FN:83,(anonymous_9)
FN:84,(anonymous_10)
FN:88,(anonymous_11)
FN:94,(anonymous_12)
FN:101,(anonymous_13)
FNF:14
FNH:0
FNDA:0,(anonymous_0)
FNDA:0,(anonymous_1)
FNDA:0,(anonymous_2)
FNDA:0,(anonymous_3)
FNDA:0,(anonymous_4)
FNDA:0,(anonymous_5)
FNDA:0,(anonymous_6)
FNDA:0,(anonymous_7)
FNDA:0,(anonymous_8)
FNDA:0,(anonymous_9)
FNDA:0,(anonymous_10)
FNDA:0,(anonymous_11)
FNDA:0,(anonymous_12)
FNDA:0,(anonymous_13)
DA:1,2
DA:2,2
DA:4,0
DA:5,0
DA:8,0
DA:9,0
DA:10,0
DA:11,0
DA:15,0
DA:19,0
DA:20,0
DA:22,0
DA:23,0
DA:24,0
DA:27,0
DA:31,0
DA:34,0
DA:36,0
DA:37,0
DA:38,0
DA:39,0
DA:44,0
DA:45,0
DA:46,0
DA:50,0
DA:52,0
DA:53,0
DA:58,0
DA:59,0
DA:60,0
DA:61,0
DA:65,0
DA:68,0
DA:72,0
DA:73,0
DA:79,0
DA:83,2
DA:84,0
DA:86,0
DA:88,0
DA:89,0
DA:91,0
DA:93,0
DA:94,0
DA:96,0
DA:101,0
DA:102,0
DA:103,0
DA:104,0
DA:108,0
DA:112,0
LF:51
LH:3
BRDA:10,0,0,0
BRDA:10,0,1,0
BRDA:10,1,0,0
BRDA:10,1,1,0
BRDA:45,2,0,0
BRDA:45,2,1,0
BRDA:59,3,0,0
BRDA:59,3,1,0
BRDA:59,4,0,0
BRDA:59,4,1,0
BRDA:72,5,0,0
BRDA:72,5,1,0
BRDA:102,6,0,0
BRDA:102,6,1,0
BRF:14
BRH:0
end_of_record
TN:
SF:C:\Users\matte\Desktop\Vue\bazylia-node\src\business\user\user.models.js
FN:26,(anonymous_0)
FN:31,(anonymous_1)
FN:41,(anonymous_2)
FN:43,(anonymous_3)
FN:44,(anonymous_4)
FNF:5
FNH:2
FNDA:4,(anonymous_0)
FNDA:4,(anonymous_1)
FNDA:0,(anonymous_2)
FNDA:0,(anonymous_3)
FNDA:0,(anonymous_4)
DA:1,1
DA:2,1
DA:4,1
DA:26,1
DA:27,4
DA:28,0
DA:31,4
DA:32,4
DA:33,0
DA:36,4
DA:37,4
DA:41,1
DA:42,0
DA:43,0
DA:44,0
DA:45,0
DA:46,0
DA:49,0
DA:54,1
LF:19
LH:11
BRDA:27,0,0,0
BRDA:27,0,1,4
BRDA:32,1,0,0
BRDA:32,1,1,4
BRDA:45,2,0,0
BRDA:45,2,1,0
BRF:6
BRH:2
end_of_record
TN:
SF:C:\Users\matte\Desktop\Vue\bazylia-node\src\business\uslugi\uslugi.controllers.js
FN:4,(anonymous_0)
FN:4,(anonymous_1)
FN:15,(anonymous_2)
FN:26,(anonymous_3)
FNF:4
FNH:1
FNDA:2,(anonymous_0)
FNDA:0,(anonymous_1)
FNDA:0,(anonymous_2)
FNDA:0,(anonymous_3)
DA:1,2
DA:2,2
DA:4,2
DA:5,0
DA:6,0
DA:10,0
DA:11,0
DA:13,0
DA:15,0
DA:16,0
DA:19,0
DA:21,0
DA:22,0
DA:26,2
DA:27,0
DA:30,2
LF:16
LH:5
BRDA:10,0,0,0
BRDA:10,0,1,0
BRF:2
BRH:0
end_of_record
TN:
SF:C:\Users\matte\Desktop\Vue\bazylia-node\src\business\uslugi\uslugi.models.js
FNF:0
FNH:0
DA:1,6
DA:3,6
DA:12,6
LF:3
LH:3
BRF:0
BRH:0
end_of_record
TN:
SF:C:\Users\matte\Desktop\Vue\bazylia-node\src\business\uslugi\uslugi.routes.js
FNF:0
FNH:0
DA:1,1
DA:2,1
DA:3,1
DA:5,1
DA:8,1
DA:13,1
DA:19,1
LF:7
LH:7
BRF:0
BRH:0
end_of_record
TN:
SF:C:\Users\matte\Desktop\Vue\bazylia-node\src\business\wizyty\wizyty.controllers.js
FN:6,(anonymous_0)
FN:6,(anonymous_1)
FN:18,(anonymous_2)
FN:31,(anonymous_3)
FN:31,(anonymous_4)
FN:51,(anonymous_5)
FN:75,(anonymous_6)
FN:75,(anonymous_7)
FN:88,(anonymous_8)
FN:102,(anonymous_9)
FN:102,(anonymous_10)
FN:115,(anonymous_11)
FNF:12
FNH:4
FNDA:2,(anonymous_0)
FNDA:0,(anonymous_1)
FNDA:0,(anonymous_2)
FNDA:2,(anonymous_3)
FNDA:0,(anonymous_4)
FNDA:0,(anonymous_5)
FNDA:2,(anonymous_6)
FNDA:0,(anonymous_7)
FNDA:0,(anonymous_8)
FNDA:2,(anonymous_9)
FNDA:0,(anonymous_10)
FNDA:0,(anonymous_11)
DA:1,2
DA:2,2
DA:3,2
DA:4,2
DA:6,2
DA:7,0
DA:8,0
DA:16,0
DA:18,0
DA:19,0
DA:24,0
DA:26,0
DA:27,0
DA:31,2
DA:38,0
DA:40,0
DA:41,0
DA:46,0
DA:52,0
DA:53,0
DA:55,0
DA:56,0
DA:62,0
DA:66,0
DA:67,0
DA:70,0
DA:71,0
DA:75,2
DA:76,0
DA:77,0
DA:83,0
DA:84,0
DA:87,0
DA:88,0
DA:89,0
DA:90,0
DA:94,0
DA:97,0
DA:98,0
DA:102,2
DA:103,0
DA:104,0
DA:110,0
DA:111,0
DA:114,0
DA:115,0
DA:116,0
DA:117,0
DA:121,0
DA:124,0
DA:125,0
DA:130,2
LF:52
LH:9
BRDA:40,0,0,0
BRDA:40,0,1,0
BRDA:48,1,0,0
BRDA:48,1,1,0
BRDA:52,2,0,0
BRDA:52,2,1,0
BRDA:83,3,0,0
BRDA:83,3,1,0
BRDA:89,4,0,0
BRDA:89,4,1,0
BRDA:89,5,0,0
BRDA:89,5,1,0
BRDA:110,6,0,0
BRDA:110,6,1,0
BRDA:116,7,0,0
BRDA:116,7,1,0
BRDA:116,8,0,0
BRDA:116,8,1,0
BRF:18
BRH:0
end_of_record
TN:
SF:C:\Users\matte\Desktop\Vue\bazylia-node\src\business\wizyty\wizyty.models.js
FNF:0
FNH:0
DA:1,3
DA:2,3
DA:3,3
DA:4,3
DA:8,3
DA:36,3
LF:6
LH:6
BRF:0
BRH:0
end_of_record
TN:
SF:C:\Users\matte\Desktop\Vue\bazylia-node\src\business\wizyty\wizyty.routes.js
FNF:0
FNH:0
DA:1,1
DA:2,1
DA:3,1
DA:5,1
DA:8,1
DA:14,1
DA:19,1
DA:24,1
DA:34,1
LF:9
LH:9
BRF:0
BRH:0
end_of_record
TN:
SF:C:\Users\matte\Desktop\Vue\bazylia-node\src\config\index.js
FNF:0
FNH:0
DA:1,1
DA:2,1
DA:3,1
DA:5,1
DA:16,1
DA:18,1
DA:21,0
DA:22,0
DA:25,1
DA:26,1
DA:28,0
DA:31,1
LF:12
LH:9
BRDA:3,0,0,1
BRDA:3,0,1,0
BRDA:18,1,0,0
BRDA:18,1,1,0
BRDA:18,1,2,0
BRDA:18,1,3,1
BRDA:18,1,4,0
BRF:7
BRH:2
end_of_record
TN:
SF:C:\Users\matte\Desktop\Vue\bazylia-node\src\config\testing.js
FNF:0
FNH:0
DA:1,1
LF:1
LH:1
BRF:0
BRH:0
end_of_record
TN:
SF:C:\Users\matte\Desktop\Vue\bazylia-node\src\utils\auth.js
FN:5,(anonymous_0)
FN:11,(anonymous_1)
FN:12,(anonymous_2)
FN:13,(anonymous_3)
FN:19,(anonymous_4)
FN:35,(anonymous_5)
FN:75,(anonymous_6)
FN:91,(anonymous_7)
FNF:8
FNH:7
FNDA:3,(anonymous_0)
FNDA:2,(anonymous_1)
FNDA:2,(anonymous_2)
FNDA:2,(anonymous_3)
FNDA:2,(anonymous_4)
FNDA:2,(anonymous_5)
FNDA:0,(anonymous_6)
FNDA:3,(anonymous_7)
DA:1,1
DA:2,1
DA:3,1
DA:5,1
DA:6,3
DA:11,1
DA:12,2
DA:13,2
DA:14,2
DA:15,2
DA:19,1
DA:21,2
DA:22,1
DA:25,1
DA:26,1
DA:27,0
DA:29,0
DA:31,0
DA:35,1
DA:36,2
DA:37,1
DA:40,1
DA:42,1
DA:43,1
DA:47,0
DA:48,0
DA:51,0
DA:53,0
DA:54,0
DA:57,0
DA:59,0
DA:69,0
DA:70,0
DA:75,1
DA:77,0
DA:79,0
DA:86,0
DA:87,0
DA:91,1
DA:92,3
DA:94,3
DA:95,2
DA:98,1
DA:100,1
DA:101,1
DA:103,0
DA:106,1
DA:111,0
DA:112,0
DA:115,0
DA:116,0
DA:120,1
LF:52
LH:31
BRDA:14,0,0,0
BRDA:14,0,1,2
BRDA:21,1,0,1
BRDA:21,1,1,1
BRDA:21,2,0,2
BRDA:21,2,1,1
BRDA:36,3,0,1
BRDA:36,3,1,1
BRDA:36,4,0,2
BRDA:36,4,1,1
BRDA:47,5,0,0
BRDA:47,5,1,0
BRDA:53,6,0,0
BRDA:53,6,1,0
BRDA:94,7,0,2
BRDA:94,7,1,1
BRDA:94,8,0,3
BRDA:94,8,1,2
BRDA:111,9,0,0
BRDA:111,9,1,0
BRF:20
BRH:13
end_of_record
TN:
SF:C:\Users\matte\Desktop\Vue\bazylia-node\src\utils\buildMonthField.js
FN:1,(anonymous_0)
FN:11,(anonymous_1)
FNF:2
FNH:0
FNDA:0,(anonymous_0)
FNDA:0,(anonymous_1)
DA:1,4
DA:3,0
DA:4,0
DA:5,0
DA:7,0
DA:11,4
DA:12,0
DA:13,0
LF:8
LH:2
BRF:0
BRH:0
end_of_record
TN:
SF:C:\Users\matte\Desktop\Vue\bazylia-node\src\utils\crud.js
FN:3,(anonymous_0)
FN:3,(anonymous_1)
FN:22,(anonymous_2)
FN:22,(anonymous_3)
FN:31,(anonymous_4)
FN:42,(anonymous_5)
FN:42,(anonymous_6)
FN:56,(anonymous_7)
FN:56,(anonymous_8)
FN:79,(anonymous_9)
FN:79,(anonymous_10)
FN:96,(anonymous_11)
FNF:12
FNH:6
FNDA:10,(anonymous_0)
FNDA:0,(anonymous_1)
FNDA:10,(anonymous_2)
FNDA:0,(anonymous_3)
FNDA:0,(anonymous_4)
FNDA:10,(anonymous_5)
FNDA:0,(anonymous_6)
FNDA:10,(anonymous_7)
FNDA:0,(anonymous_8)
FNDA:10,(anonymous_9)
FNDA:0,(anonymous_10)
FNDA:10,(anonymous_11)
DA:2,10
DA:3,10
DA:4,0
DA:5,0
DA:10,0
DA:11,0
DA:14,0
DA:16,0
DA:18,0
DA:19,0
DA:22,10
DA:23,0
DA:24,0
DA:29,0
DA:31,0
DA:32,0
DA:35,0
DA:37,0
DA:38,0
DA:42,10
DA:43,0
DA:45,0
DA:47,0
DA:49,0
DA:51,0
DA:52,0
DA:56,10
DA:57,0
DA:58,0
DA:67,0
DA:69,0
DA:70,0
DA:73,0
DA:75,0
DA:76,0
DA:79,10
DA:80,0
DA:81,0
DA:83,0
DA:84,0
DA:87,0
DA:88,0
DA:90,0
DA:91,0
DA:96,10
LF:45
LH:7
BRDA:10,0,0,0
BRDA:10,0,1,0
BRDA:69,1,0,0
BRDA:69,1,1,0
BRDA:83,2,0,0
BRDA:83,2,1,0
BRF:6
BRH:0
end_of_record
TN:
SF:C:\Users\matte\Desktop\Vue\bazylia-node\src\utils\replace.js
FN:2,(anonymous_0)
FNF:1
FNH:0
FNDA:0,(anonymous_0)
DA:2,12
DA:3,0
DA:4,0
DA:10,0
DA:11,0
DA:13,0
LF:6
LH:1
BRF:0
BRH:0
end_of_record
