TN:
SF:C:\Users\matte\Desktop\Vue\bazylia-node\src\business\faktury\faktury.controllers.js
FN:6,(anonymous_0)
FN:6,(anonymous_1)
FN:9,(anonymous_2)
FN:13,(anonymous_3)
FN:38,(anonymous_4)
FN:58,(anonymous_5)
FN:78,(anonymous_6)
FN:101,(anonymous_7)
FN:115,(anonymous_8)
FN:122,(anonymous_9)
FN:129,(anonymous_10)
FN:137,(anonymous_11)
FN:144,(anonymous_12)
FN:147,(anonymous_13)
FN:153,(anonymous_14)
FN:164,(anonymous_15)
FN:164,(anonymous_16)
FN:197,(anonymous_17)
FN:237,(anonymous_18)
FN:255,(anonymous_19)
FN:262,(anonymous_20)
FN:263,(anonymous_21)
FN:269,(anonymous_22)
FN:270,(anonymous_23)
FN:285,(anonymous_24)
FN:285,(anonymous_25)
FN:293,(anonymous_26)
FNF:27
FNH:3
FNDA:2,(anonymous_0)
FNDA:0,(anonymous_1)
FNDA:0,(anonymous_2)
FNDA:0,(anonymous_3)
FNDA:0,(anonymous_4)
FNDA:0,(anonymous_5)
FNDA:0,(anonymous_6)
FNDA:0,(anonymous_7)
FNDA:0,(anonymous_8)
FNDA:0,(anonymous_9)
FNDA:0,(anonymous_10)
FNDA:0,(anonymous_11)
FNDA:0,(anonymous_12)
FNDA:0,(anonymous_13)
FNDA:0,(anonymous_14)
FNDA:2,(anonymous_15)
FNDA:0,(anonymous_16)
FNDA:0,(anonymous_17)
FNDA:0,(anonymous_18)
FNDA:0,(anonymous_19)
FNDA:0,(anonymous_20)
FNDA:0,(anonymous_21)
FNDA:0,(anonymous_22)
FNDA:0,(anonymous_23)
FNDA:2,(anonymous_24)
FNDA:0,(anonymous_25)
FNDA:0,(anonymous_26)
DA:1,2
DA:2,2
DA:3,2
DA:4,2
DA:6,2
DA:7,0
DA:9,0
DA:10,0
DA:13,0
DA:14,0
DA:15,0
DA:19,0
DA:22,0
DA:34,0
DA:38,0
DA:40,0
DA:48,0
DA:50,0
DA:51,0
DA:53,0
DA:54,0
DA:58,2
DA:62,0
DA:64,0
DA:65,0
DA:67,0
DA:68,0
DA:70,0
DA:74,0
DA:78,2
DA:79,0
DA:92,0
DA:95,0
DA:96,0
DA:99,0
DA:101,0
DA:102,0
DA:103,0
DA:106,0
DA:111,0
DA:115,2
DA:118,0
DA:119,0
DA:121,0
DA:122,0
DA:123,0
DA:125,0
DA:129,2
DA:132,0
DA:133,0
DA:134,0
DA:136,0
DA:137,0
DA:138,0
DA:140,0
DA:144,2
DA:146,0
DA:147,0
DA:148,0
DA:150,0
DA:153,2
DA:157,0
DA:158,0
DA:160,0
DA:164,2
DA:165,0
DA:166,0
DA:167,0
DA:168,0
DA:170,0
DA:175,0
DA:176,0
DA:179,0
DA:186,0
DA:187,0
DA:188,0
DA:190,0
DA:192,0
DA:193,0
DA:197,2
DA:198,0
DA:199,0
DA:200,0
DA:210,0
DA:212,0
DA:217,0
DA:218,0
DA:220,0
DA:222,0
DA:224,0
DA:226,0
DA:237,2
DA:239,0
DA:240,0
DA:250,0
DA:252,0
DA:254,0
DA:255,0
DA:256,0
DA:259,0
DA:261,0
DA:262,0
DA:263,0
DA:264,0
DA:269,0
DA:270,0
DA:271,0
DA:280,0
DA:285,2
DA:286,0
DA:287,0
DA:288,0
DA:293,0
DA:294,0
DA:304,0
DA:306,0
DA:307,0
DA:312,2
DA:319,2
LF:119
LH:17
BRDA:14,0,0,0
BRDA:14,0,1,0
BRDA:14,1,0,0
BRDA:14,1,1,0
BRDA:67,2,0,0
BRDA:67,2,1,0
BRDA:95,3,0,0
BRDA:95,3,1,0
BRDA:99,4,0,0
BRDA:99,4,1,0
BRDA:102,5,0,0
BRDA:102,5,1,0
BRDA:118,6,0,0
BRDA:118,6,1,0
BRDA:118,7,0,0
BRDA:118,7,1,0
BRDA:118,7,2,0
BRDA:133,8,0,0
BRDA:133,8,1,0
BRDA:133,9,0,0
BRDA:133,9,1,0
BRDA:133,9,2,0
BRDA:157,10,0,0
BRDA:157,10,1,0
BRDA:175,11,0,0
BRDA:175,11,1,0
BRDA:198,12,0,0
BRDA:198,12,1,0
BRDA:210,13,0,0
BRDA:210,13,1,0
BRDA:239,14,0,0
BRDA:239,14,1,0
BRDA:239,15,0,0
BRDA:239,15,1,0
BRDA:250,16,0,0
BRDA:250,16,1,0
BRF:36
BRH:0
end_of_record
TN:
SF:C:\Users\matte\Desktop\Vue\bazylia-node\src\business\faktury\faktury.models.js
FNF:0
FNH:0
DA:1,3
DA:40,3
DA:51,3
DA:82,3
LF:4
LH:4
BRF:0
BRH:0
end_of_record
TN:
SF:C:\Users\matte\Desktop\Vue\bazylia-node\src\business\faktury\faktury.routes.js
FNF:0
FNH:0
DA:2,1
DA:3,1
DA:4,1
DA:6,1
DA:9,1
DA:15,1
DA:22,1
LF:7
LH:7
BRF:0
BRH:0
end_of_record
TN:
SF:C:\Users\matte\Desktop\Vue\bazylia-node\src\business\firmy\firmy.controllers.js
FNF:0
FNH:0
DA:1,2
DA:2,2
DA:4,2
LF:3
LH:3
BRF:0
BRH:0
end_of_record
TN:
SF:C:\Users\matte\Desktop\Vue\bazylia-node\src\business\firmy\firmy.models.js
FNF:0
FNH:0
DA:1,9
DA:3,9
DA:15,9
LF:3
LH:3
BRF:0
BRH:0
end_of_record
TN:
SF:C:\Users\matte\Desktop\Vue\bazylia-node\src\business\firmy\firmy.routes.js
FNF:0
FNH:0
DA:2,1
DA:3,1
DA:4,1
DA:7,1
DA:13,1
DA:19,1
LF:6
LH:6
BRF:0
BRH:0
end_of_record
TN:
SF:C:\Users\matte\Desktop\Vue\bazylia-node\src\business\pacjenci\pacjenci.controllers.js
FN:4,(anonymous_0)
FN:4,(anonymous_1)
FN:14,(anonymous_2)
FN:26,(anonymous_3)
FN:26,(anonymous_4)
FN:35,(anonymous_5)
FN:51,(anonymous_6)
FNF:7
FNH:2
FNDA:2,(anonymous_0)
FNDA:0,(anonymous_1)
FNDA:0,(anonymous_2)
FNDA:2,(anonymous_3)
FNDA:0,(anonymous_4)
FNDA:0,(anonymous_5)
FNDA:0,(anonymous_6)
DA:1,2
DA:2,2
DA:4,2
DA:5,0
DA:6,0
DA:12,0
DA:14,0
DA:15,0
DA:18,0
DA:20,0
DA:21,0
DA:26,2
DA:28,0
DA:29,0
DA:36,0
DA:37,0
DA:39,0
DA:46,0
DA:47,0
DA:49,0
DA:51,0
DA:52,0
DA:55,0
DA:58,0
DA:59,0
DA:65,2
LF:26
LH:5
BRDA:36,0,0,0
BRDA:36,0,1,0
BRDA:46,1,0,0
BRDA:46,1,1,0
BRF:4
BRH:0
end_of_record
TN:
SF:C:\Users\matte\Desktop\Vue\bazylia-node\src\business\pacjenci\pacjenci.models.js
FNF:0
FNH:0
DA:2,6
DA:3,6
DA:5,6
DA:34,6
LF:4
LH:4
BRF:0
BRH:0
end_of_record
TN:
SF:C:\Users\matte\Desktop\Vue\bazylia-node\src\business\pacjenci\pacjenci.routes.js
FNF:0
FNH:0
DA:1,1
DA:2,1
DA:3,1
DA:5,1
DA:8,1
DA:14,1
DA:21,1
DA:26,1
DA:244,1
LF:9
LH:9
BRF:0
BRH:0
end_of_record
TN:
SF:C:\Users\matte\Desktop\Vue\bazylia-node\src\business\rozliczenia\rozliczenia.controllers.js
FN:5,(anonymous_0)
FN:5,(anonymous_1)
FN:16,(anonymous_2)
FN:21,(anonymous_3)
FN:32,(anonymous_4)
FN:44,(anonymous_5)
FN:44,(anonymous_6)
FN:53,(anonymous_7)
FN:64,(anonymous_8)
FNF:9
FNH:2
FNDA:2,(anonymous_0)
FNDA:0,(anonymous_1)
FNDA:0,(anonymous_2)
FNDA:0,(anonymous_3)
FNDA:0,(anonymous_4)
FNDA:2,(anonymous_5)
FNDA:0,(anonymous_6)
FNDA:0,(anonymous_7)
FNDA:0,(anonymous_8)
DA:2,2
DA:3,2
DA:5,2
DA:6,0
DA:7,0
DA:13,0
DA:15,0
DA:16,0
DA:17,0
DA:20,0
DA:21,0
DA:22,0
DA:23,0
DA:24,0
DA:25,0
DA:29,0
DA:32,0
DA:33,0
DA:37,0
DA:38,0
DA:44,2
DA:45,0
DA:46,0
DA:52,0
DA:53,0
DA:54,0
DA:55,0
DA:56,0
DA:57,0
DA:61,0
DA:64,0
DA:65,0
DA:69,0
DA:70,0
DA:74,2
LF:35
LH:5
BRF:0
BRH:0
end_of_record
TN:
SF:C:\Users\matte\Desktop\Vue\bazylia-node\src\business\rozliczenia\rozliczenia.routes.js
FNF:0
FNH:0
DA:1,1
DA:2,1
DA:3,1
DA:6,1
DA:11,1
DA:17,1
LF:6
LH:6
BRF:0
BRH:0
end_of_record
TN:
SF:C:\Users\matte\Desktop\Vue\bazylia-node\src\business\rozliczenia\rozliczenia.services.js
FN:2,(anonymous_0)
FN:5,(anonymous_1)
FN:9,(anonymous_2)
FN:16,(anonymous_3)
FN:23,(anonymous_4)
FN:39,(anonymous_5)
FN:47,(anonymous_6)
FN:55,(anonymous_7)
FN:61,(anonymous_8)
FN:88,(anonymous_9)
FN:89,(anonymous_10)
FN:93,(anonymous_11)
FN:99,(anonymous_12)
FN:106,(anonymous_13)
FNF:14
FNH:0
FNDA:0,(anonymous_0)
FNDA:0,(anonymous_1)
FNDA:0,(anonymous_2)
FNDA:0,(anonymous_3)
FNDA:0,(anonymous_4)
FNDA:0,(anonymous_5)
FNDA:0,(anonymous_6)
FNDA:0,(anonymous_7)
FNDA:0,(anonymous_8)
FNDA:0,(anonymous_9)
FNDA:0,(anonymous_10)
FNDA:0,(anonymous_11)
FNDA:0,(anonymous_12)
FNDA:0,(anonymous_13)
DA:1,2
DA:2,2
DA:4,0
DA:5,0
DA:8,0
DA:9,0
DA:10,0
DA:11,0
DA:16,0
DA:20,0
DA:21,0
DA:23,0
DA:24,0
DA:25,0
DA:28,0
DA:32,0
DA:35,0
DA:39,0
DA:40,0
DA:41,0
DA:42,0
DA:47,0
DA:48,0
DA:49,0
DA:53,0
DA:55,0
DA:56,0
DA:61,0
DA:62,0
DA:63,0
DA:64,0
DA:69,0
DA:72,0
DA:77,0
DA:78,0
DA:84,0
DA:88,2
DA:89,0
DA:91,0
DA:93,0
DA:94,0
DA:96,0
DA:98,0
DA:99,0
DA:101,0
DA:106,0
DA:107,0
DA:108,0
DA:109,0
DA:113,0
DA:117,0
LF:51
LH:3
BRDA:10,0,0,0
BRDA:10,0,1,0
BRDA:10,1,0,0
BRDA:10,1,1,0
BRDA:48,2,0,0
BRDA:48,2,1,0
BRDA:62,3,0,0
BRDA:62,3,1,0
BRDA:62,4,0,0
BRDA:62,4,1,0
BRDA:77,5,0,0
BRDA:77,5,1,0
BRDA:107,6,0,0
BRDA:107,6,1,0
BRF:14
BRH:0
end_of_record
TN:
SF:C:\Users\matte\Desktop\Vue\bazylia-node\src\business\user\user.models.js
FN:26,(anonymous_0)
FN:31,(anonymous_1)
FN:41,(anonymous_2)
FN:43,(anonymous_3)
FN:44,(anonymous_4)
FNF:5
FNH:2
FNDA:4,(anonymous_0)
FNDA:4,(anonymous_1)
FNDA:0,(anonymous_2)
FNDA:0,(anonymous_3)
FNDA:0,(anonymous_4)
DA:1,1
DA:2,1
DA:4,1
DA:26,1
DA:27,4
DA:28,0
DA:31,4
DA:32,4
DA:33,0
DA:36,4
DA:37,4
DA:41,1
DA:42,0
DA:43,0
DA:44,0
DA:45,0
DA:46,0
DA:49,0
DA:54,1
LF:19
LH:11
BRDA:27,0,0,0
BRDA:27,0,1,4
BRDA:32,1,0,0
BRDA:32,1,1,4
BRDA:45,2,0,0
BRDA:45,2,1,0
BRF:6
BRH:2
end_of_record
TN:
SF:C:\Users\matte\Desktop\Vue\bazylia-node\src\business\uslugi\uslugi.controllers.js
FN:4,(anonymous_0)
FN:4,(anonymous_1)
FN:15,(anonymous_2)
FN:26,(anonymous_3)
FNF:4
FNH:1
FNDA:2,(anonymous_0)
FNDA:0,(anonymous_1)
FNDA:0,(anonymous_2)
FNDA:0,(anonymous_3)
DA:1,2
DA:2,2
DA:4,2
DA:5,0
DA:6,0
DA:10,0
DA:11,0
DA:13,0
DA:15,0
DA:16,0
DA:19,0
DA:21,0
DA:22,0
DA:26,2
DA:27,0
DA:30,2
LF:16
LH:5
BRDA:10,0,0,0
BRDA:10,0,1,0
BRF:2
BRH:0
end_of_record
TN:
SF:C:\Users\matte\Desktop\Vue\bazylia-node\src\business\uslugi\uslugi.models.js
FNF:0
FNH:0
DA:1,6
DA:3,6
DA:12,6
LF:3
LH:3
BRF:0
BRH:0
end_of_record
TN:
SF:C:\Users\matte\Desktop\Vue\bazylia-node\src\business\uslugi\uslugi.routes.js
FNF:0
FNH:0
DA:1,1
DA:2,1
DA:3,1
DA:5,1
DA:8,1
DA:13,1
DA:19,1
LF:7
LH:7
BRF:0
BRH:0
end_of_record
TN:
SF:C:\Users\matte\Desktop\Vue\bazylia-node\src\business\wizyty\wizyty.controllers.js
FN:5,(anonymous_0)
FN:5,(anonymous_1)
FN:23,(anonymous_2)
FN:42,(anonymous_3)
FN:42,(anonymous_4)
FN:57,(anonymous_5)
FN:69,(anonymous_6)
FN:69,(anonymous_7)
FN:84,(anonymous_8)
FNF:9
FNH:3
FNDA:2,(anonymous_0)
FNDA:0,(anonymous_1)
FNDA:0,(anonymous_2)
FNDA:2,(anonymous_3)
FNDA:0,(anonymous_4)
FNDA:0,(anonymous_5)
FNDA:2,(anonymous_6)
FNDA:0,(anonymous_7)
FNDA:0,(anonymous_8)
DA:1,2
DA:2,2
DA:3,2
DA:5,2
DA:7,0
DA:12,0
DA:14,0
DA:15,0
DA:19,0
DA:20,0
DA:24,0
DA:25,0
DA:27,0
DA:28,0
DA:33,0
DA:34,0
DA:37,0
DA:38,0
DA:42,2
DA:43,0
DA:44,0
DA:52,0
DA:53,0
DA:55,0
DA:57,0
DA:58,0
DA:61,0
DA:64,0
DA:65,0
DA:69,2
DA:70,0
DA:71,0
DA:79,0
DA:80,0
DA:82,0
DA:84,0
DA:85,0
DA:88,0
DA:91,0
DA:92,0
DA:97,2
LF:41
LH:7
BRDA:19,0,0,0
BRDA:19,0,1,0
BRDA:22,1,0,0
BRDA:22,1,1,0
BRDA:24,2,0,0
BRDA:24,2,1,0
BRDA:52,3,0,0
BRDA:52,3,1,0
BRDA:79,4,0,0
BRDA:79,4,1,0
BRF:10
BRH:0
end_of_record
TN:
SF:C:\Users\matte\Desktop\Vue\bazylia-node\src\business\wizyty\wizyty.models.js
FNF:0
FNH:0
DA:1,3
DA:2,3
DA:3,3
DA:4,3
DA:8,3
DA:36,3
LF:6
LH:6
BRF:0
BRH:0
end_of_record
TN:
SF:C:\Users\matte\Desktop\Vue\bazylia-node\src\business\wizyty\wizyty.routes.js
FNF:0
FNH:0
DA:1,1
DA:2,1
DA:3,1
DA:5,1
DA:8,1
DA:14,1
DA:19,1
DA:24,1
DA:34,1
LF:9
LH:9
BRF:0
BRH:0
end_of_record
TN:
SF:C:\Users\matte\Desktop\Vue\bazylia-node\src\config\index.js
FNF:0
FNH:0
DA:1,1
DA:2,1
DA:3,1
DA:5,1
DA:16,1
DA:18,1
DA:21,0
DA:22,0
DA:25,1
DA:26,1
DA:28,0
DA:31,1
LF:12
LH:9
BRDA:3,0,0,1
BRDA:3,0,1,0
BRDA:18,1,0,0
BRDA:18,1,1,0
BRDA:18,1,2,0
BRDA:18,1,3,1
BRDA:18,1,4,0
BRF:7
BRH:2
end_of_record
TN:
SF:C:\Users\matte\Desktop\Vue\bazylia-node\src\config\testing.js
FNF:0
FNH:0
DA:1,1
LF:1
LH:1
BRF:0
BRH:0
end_of_record
TN:
SF:C:\Users\matte\Desktop\Vue\bazylia-node\src\utils\auth.js
FN:5,(anonymous_0)
FN:14,(anonymous_1)
FN:15,(anonymous_2)
FN:16,(anonymous_3)
FN:22,(anonymous_4)
FN:39,(anonymous_5)
FN:79,(anonymous_6)
FN:99,(anonymous_7)
FNF:8
FNH:7
FNDA:3,(anonymous_0)
FNDA:2,(anonymous_1)
FNDA:2,(anonymous_2)
FNDA:2,(anonymous_3)
FNDA:2,(anonymous_4)
FNDA:2,(anonymous_5)
FNDA:0,(anonymous_6)
FNDA:3,(anonymous_7)
DA:1,1
DA:2,1
DA:3,1
DA:5,1
DA:6,3
DA:7,3
DA:8,3
DA:9,3
DA:14,1
DA:15,2
DA:16,2
DA:17,2
DA:18,2
DA:22,1
DA:24,2
DA:25,1
DA:28,1
DA:29,1
DA:30,0
DA:32,0
DA:34,0
DA:35,0
DA:39,1
DA:40,2
DA:41,1
DA:44,1
DA:46,1
DA:47,1
DA:51,0
DA:52,0
DA:55,0
DA:57,0
DA:58,0
DA:61,0
DA:63,0
DA:73,0
DA:74,0
DA:79,1
DA:85,0
DA:87,0
DA:94,0
DA:95,0
DA:99,1
DA:100,3
DA:106,3
DA:107,2
DA:110,1
DA:112,1
DA:113,1
DA:115,0
DA:118,1
DA:123,0
DA:124,0
DA:127,0
DA:128,0
DA:132,1
LF:56
LH:34
BRDA:17,0,0,0
BRDA:17,0,1,2
BRDA:24,1,0,1
BRDA:24,1,1,1
BRDA:24,2,0,2
BRDA:24,2,1,1
BRDA:40,3,0,1
BRDA:40,3,1,1
BRDA:40,4,0,2
BRDA:40,4,1,1
BRDA:51,5,0,0
BRDA:51,5,1,0
BRDA:57,6,0,0
BRDA:57,6,1,0
BRDA:106,7,0,2
BRDA:106,7,1,1
BRDA:106,8,0,3
BRDA:106,8,1,2
BRDA:123,9,0,0
BRDA:123,9,1,0
BRF:20
BRH:13
end_of_record
TN:
SF:C:\Users\matte\Desktop\Vue\bazylia-node\src\utils\buildMonthField.js
FN:1,(anonymous_0)
FN:11,(anonymous_1)
FNF:2
FNH:0
FNDA:0,(anonymous_0)
FNDA:0,(anonymous_1)
DA:1,4
DA:3,0
DA:4,0
DA:5,0
DA:7,0
DA:11,4
DA:12,0
DA:13,0
LF:8
LH:2
BRF:0
BRH:0
end_of_record
TN:
SF:C:\Users\matte\Desktop\Vue\bazylia-node\src\utils\crud.js
FN:3,(anonymous_0)
FN:3,(anonymous_1)
FN:22,(anonymous_2)
FN:22,(anonymous_3)
FN:31,(anonymous_4)
FN:42,(anonymous_5)
FN:42,(anonymous_6)
FN:56,(anonymous_7)
FN:56,(anonymous_8)
FN:79,(anonymous_9)
FN:79,(anonymous_10)
FN:96,(anonymous_11)
FNF:12
FNH:6
FNDA:10,(anonymous_0)
FNDA:0,(anonymous_1)
FNDA:10,(anonymous_2)
FNDA:0,(anonymous_3)
FNDA:0,(anonymous_4)
FNDA:10,(anonymous_5)
FNDA:0,(anonymous_6)
FNDA:10,(anonymous_7)
FNDA:0,(anonymous_8)
FNDA:10,(anonymous_9)
FNDA:0,(anonymous_10)
FNDA:10,(anonymous_11)
DA:2,10
DA:3,10
DA:4,0
DA:5,0
DA:10,0
DA:11,0
DA:14,0
DA:16,0
DA:18,0
DA:19,0
DA:22,10
DA:23,0
DA:24,0
DA:29,0
DA:31,0
DA:32,0
DA:35,0
DA:37,0
DA:38,0
DA:42,10
DA:43,0
DA:45,0
DA:47,0
DA:49,0
DA:51,0
DA:52,0
DA:56,10
DA:57,0
DA:58,0
DA:67,0
DA:69,0
DA:70,0
DA:73,0
DA:75,0
DA:76,0
DA:79,10
DA:80,0
DA:81,0
DA:83,0
DA:84,0
DA:87,0
DA:88,0
DA:90,0
DA:91,0
DA:96,10
LF:45
LH:7
BRDA:10,0,0,0
BRDA:10,0,1,0
BRDA:69,1,0,0
BRDA:69,1,1,0
BRDA:83,2,0,0
BRDA:83,2,1,0
BRF:6
BRH:0
end_of_record
TN:
SF:C:\Users\matte\Desktop\Vue\bazylia-node\src\utils\replace.js
FN:2,(anonymous_0)
FNF:1
FNH:0
FNDA:0,(anonymous_0)
DA:2,12
DA:3,0
DA:4,0
DA:10,0
DA:11,0
DA:13,0
LF:6
LH:1
BRF:0
BRH:0
end_of_record
